{"G:\\GitHub\\TT-EtaCarSystems\\react-nodejs-trpc-cryptocurrency-info\\react-nodejs-trpc-cryptocurrency-info\\server\\src\\logic\\helper.js": {"path":"G:\\GitHub\\TT-EtaCarSystems\\react-nodejs-trpc-cryptocurrency-info\\react-nodejs-trpc-cryptocurrency-info\\server\\src\\logic\\helper.js","statementMap":{"0":{"start":{"line":2,"column":0},"end":{"line":2,"column":62}},"1":{"start":{"line":3,"column":0},"end":{"line":3,"column":132}},"2":{"start":{"line":5,"column":4},"end":{"line":9,"column":29}},"3":{"start":{"line":11,"column":0},"end":{"line":11,"column":50}},"4":{"start":{"line":13,"column":28},"end":{"line":15,"column":24}},"5":{"start":{"line":16,"column":4},"end":{"line":18,"column":5}},"6":{"start":{"line":17,"column":8},"end":{"line":17,"column":37}},"7":{"start":{"line":19,"column":23},"end":{"line":19,"column":24}},"8":{"start":{"line":20,"column":21},"end":{"line":20,"column":24}},"9":{"start":{"line":21,"column":4},"end":{"line":25,"column":5}},"10":{"start":{"line":23,"column":8},"end":{"line":23,"column":64}},"11":{"start":{"line":24,"column":8},"end":{"line":24,"column":23}},"12":{"start":{"line":26,"column":4},"end":{"line":36,"column":61}},"13":{"start":{"line":38,"column":0},"end":{"line":38,"column":38}},"14":{"start":{"line":40,"column":4},"end":{"line":44,"column":25}},"15":{"start":{"line":46,"column":0},"end":{"line":46,"column":42}},"16":{"start":{"line":48,"column":26},"end":{"line":50,"column":24}},"17":{"start":{"line":51,"column":4},"end":{"line":53,"column":5}},"18":{"start":{"line":52,"column":8},"end":{"line":52,"column":35}},"19":{"start":{"line":54,"column":23},"end":{"line":54,"column":24}},"20":{"start":{"line":55,"column":21},"end":{"line":55,"column":24}},"21":{"start":{"line":56,"column":4},"end":{"line":60,"column":5}},"22":{"start":{"line":58,"column":8},"end":{"line":58,"column":62}},"23":{"start":{"line":59,"column":8},"end":{"line":59,"column":23}},"24":{"start":{"line":61,"column":30},"end":{"line":71,"column":18}},"25":{"start":{"line":72,"column":4},"end":{"line":85,"column":51}},"26":{"start":{"line":87,"column":0},"end":{"line":87,"column":34}},"27":{"start":{"line":89,"column":16},"end":{"line":89,"column":51}},"28":{"start":{"line":90,"column":4},"end":{"line":94,"column":16}},"29":{"start":{"line":96,"column":0},"end":{"line":96,"column":36}}},"fnMap":{"0":{"name":"formatVolumeUsd24Hr","decl":{"start":{"line":4,"column":9},"end":{"line":4,"column":28}},"loc":{"start":{"line":4,"column":44},"end":{"line":10,"column":1}},"line":4},"1":{"name":"formatPercent","decl":{"start":{"line":12,"column":9},"end":{"line":12,"column":22}},"loc":{"start":{"line":12,"column":32},"end":{"line":37,"column":1}},"line":12},"2":{"name":"formatMarketCap","decl":{"start":{"line":39,"column":9},"end":{"line":39,"column":24}},"loc":{"start":{"line":39,"column":36},"end":{"line":45,"column":1}},"line":39},"3":{"name":"formatPrice","decl":{"start":{"line":47,"column":9},"end":{"line":47,"column":20}},"loc":{"start":{"line":47,"column":28},"end":{"line":86,"column":1}},"line":47},"4":{"name":"formatSupply","decl":{"start":{"line":88,"column":9},"end":{"line":88,"column":21}},"loc":{"start":{"line":88,"column":38},"end":{"line":95,"column":1}},"line":88}},"branchMap":{"0":{"loc":{"start":{"line":13,"column":28},"end":{"line":15,"column":24}},"type":"cond-expr","locations":[{"start":{"line":14,"column":10},"end":{"line":14,"column":28}},{"start":{"line":15,"column":10},"end":{"line":15,"column":24}}],"line":13},"1":{"loc":{"start":{"line":13,"column":29},"end":{"line":13,"column":70}},"type":"binary-expr","locations":[{"start":{"line":13,"column":29},"end":{"line":13,"column":45}},{"start":{"line":13,"column":49},"end":{"line":13,"column":70}}],"line":13},"2":{"loc":{"start":{"line":16,"column":4},"end":{"line":18,"column":5}},"type":"if","locations":[{"start":{"line":16,"column":4},"end":{"line":18,"column":5}},{"start":{},"end":{}}],"line":16},"3":{"loc":{"start":{"line":21,"column":11},"end":{"line":22,"column":53}},"type":"binary-expr","locations":[{"start":{"line":21,"column":11},"end":{"line":21,"column":29}},{"start":{"line":22,"column":11},"end":{"line":22,"column":53}}],"line":21},"4":{"loc":{"start":{"line":26,"column":11},"end":{"line":36,"column":60}},"type":"cond-expr","locations":[{"start":{"line":27,"column":10},"end":{"line":31,"column":60}},{"start":{"line":32,"column":10},"end":{"line":36,"column":60}}],"line":26},"5":{"loc":{"start":{"line":48,"column":26},"end":{"line":50,"column":24}},"type":"cond-expr","locations":[{"start":{"line":49,"column":10},"end":{"line":49,"column":26}},{"start":{"line":50,"column":10},"end":{"line":50,"column":24}}],"line":48},"6":{"loc":{"start":{"line":48,"column":27},"end":{"line":48,"column":64}},"type":"binary-expr","locations":[{"start":{"line":48,"column":27},"end":{"line":48,"column":41}},{"start":{"line":48,"column":45},"end":{"line":48,"column":64}}],"line":48},"7":{"loc":{"start":{"line":51,"column":4},"end":{"line":53,"column":5}},"type":"if","locations":[{"start":{"line":51,"column":4},"end":{"line":53,"column":5}},{"start":{},"end":{}}],"line":51},"8":{"loc":{"start":{"line":56,"column":11},"end":{"line":57,"column":51}},"type":"binary-expr","locations":[{"start":{"line":56,"column":11},"end":{"line":56,"column":29}},{"start":{"line":57,"column":11},"end":{"line":57,"column":51}}],"line":56},"9":{"loc":{"start":{"line":63,"column":11},"end":{"line":65,"column":17}},"type":"cond-expr","locations":[{"start":{"line":64,"column":14},"end":{"line":64,"column":46}},{"start":{"line":65,"column":14},"end":{"line":65,"column":17}}],"line":63},"10":{"loc":{"start":{"line":66,"column":11},"end":{"line":68,"column":17}},"type":"cond-expr","locations":[{"start":{"line":67,"column":14},"end":{"line":67,"column":50}},{"start":{"line":68,"column":14},"end":{"line":68,"column":17}}],"line":66},"11":{"loc":{"start":{"line":69,"column":11},"end":{"line":71,"column":17}},"type":"cond-expr","locations":[{"start":{"line":70,"column":14},"end":{"line":70,"column":50}},{"start":{"line":71,"column":14},"end":{"line":71,"column":17}}],"line":69},"12":{"loc":{"start":{"line":72,"column":11},"end":{"line":85,"column":50}},"type":"cond-expr","locations":[{"start":{"line":73,"column":10},"end":{"line":78,"column":32}},{"start":{"line":79,"column":10},"end":{"line":85,"column":50}}],"line":72},"13":{"loc":{"start":{"line":89,"column":16},"end":{"line":89,"column":51}},"type":"cond-expr","locations":[{"start":{"line":89,"column":34},"end":{"line":89,"column":42}},{"start":{"line":89,"column":45},"end":{"line":89,"column":51}}],"line":89}},"s":{"0":2,"1":2,"2":8,"3":2,"4":16,"5":16,"6":2,"7":16,"8":16,"9":16,"10":66,"11":66,"12":16,"13":2,"14":8,"15":2,"16":16,"17":16,"18":4,"19":16,"20":16,"21":16,"22":108,"23":108,"24":16,"25":16,"26":2,"27":10,"28":10,"29":2},"f":{"0":8,"1":16,"2":8,"3":16,"4":10},"b":{"0":[16,0],"1":[16,16],"2":[2,14],"3":[82,68],"4":[10,6],"5":[16,0],"6":[16,16],"7":[4,12],"8":[124,112],"9":[10,6],"10":[2,14],"11":[2,14],"12":[8,8],"13":[2,8]},"inputSourceMap":null,"_coverageSchema":"1a1c01bbd47fc00a2c39e90264f33305004495a9","hash":"7cf00f12c24b890af6e117b1c18bdc7587268c82"}
}
