{"G:\\GitHub\\TT-EtaCarSystems\\react-nodejs-trpc-cryptocurrency-info\\react-nodejs-trpc-cryptocurrency-info\\client\\src\\logic\\tests\\TestComponent.tsx": {"path":"G:\\GitHub\\TT-EtaCarSystems\\react-nodejs-trpc-cryptocurrency-info\\react-nodejs-trpc-cryptocurrency-info\\client\\src\\logic\\tests\\TestComponent.tsx","statementMap":{"0":{"start":{"line":1,"column":0},"end":{"line":1,"column":44}},"1":{"start":{"line":3,"column":0},"end":{"line":3,"column":54}},"2":{"start":{"line":6,"column":34},"end":{"line":6,"column":53}},"3":{"start":{"line":6,"column":18},"end":{"line":6,"column":20}},"4":{"start":{"line":6,"column":30},"end":{"line":6,"column":34}},"5":{"start":{"line":9,"column":8},"end":{"line":9,"column":42}},"6":{"start":{"line":11,"column":34},"end":{"line":11,"column":80}},"7":{"start":{"line":11,"column":57},"end":{"line":11,"column":76}},"8":{"start":{"line":12,"column":35},"end":{"line":12,"column":76}},"9":{"start":{"line":12,"column":58},"end":{"line":12,"column":76}},"10":{"start":{"line":14,"column":4},"end":{"line":17,"column":11}},"11":{"start":{"line":15,"column":8},"end":{"line":15,"column":33}},"12":{"start":{"line":19,"column":4},"end":{"line":24,"column":null}},"13":{"start":{"line":5,"column":0},"end":{"line":5,"column":24}}},"fnMap":{"0":{"name":"TestComponent","decl":{"start":{"line":5,"column":24},"end":{"line":5,"column":37}},"loc":{"start":{"line":5,"column":37},"end":{"line":25,"column":1}}},"1":{"name":"onClick","decl":{"start":{"line":8,"column":13},"end":{"line":8,"column":20}},"loc":{"start":{"line":8,"column":20},"end":{"line":10,"column":5}}},"2":{"name":"(anonymous_4)","decl":{"start":{"line":11,"column":46},"end":{"line":11,"column":47}},"loc":{"start":{"line":11,"column":52},"end":{"line":11,"column":67}}},"3":{"name":"(anonymous_5)","decl":{"start":{"line":12,"column":47},"end":{"line":12,"column":48}},"loc":{"start":{"line":12,"column":53},"end":{"line":12,"column":68}}},"4":{"name":"(anonymous_6)","decl":{"start":{"line":14,"column":14},"end":{"line":14,"column":null}},"loc":{"start":{"line":14,"column":14},"end":{"line":17,"column":5}}}},"branchMap":{},"s":{"0":1,"1":1,"2":4,"3":4,"4":4,"5":3,"6":4,"7":1,"8":4,"9":2,"10":4,"11":1,"12":4,"13":1},"f":{"0":4,"1":3,"2":1,"3":2,"4":1},"b":{}}
,"G:\\GitHub\\TT-EtaCarSystems\\react-nodejs-trpc-cryptocurrency-info\\react-nodejs-trpc-cryptocurrency-info\\client\\src\\logic\\utils\\Helper.ts": {"path":"G:\\GitHub\\TT-EtaCarSystems\\react-nodejs-trpc-cryptocurrency-info\\react-nodejs-trpc-cryptocurrency-info\\client\\src\\logic\\utils\\Helper.ts","statementMap":{"0":{"start":{"line":2,"column":0},"end":{"line":2,"column":45}},"1":{"start":{"line":4,"column":0},"end":{"line":4,"column":null}},"2":{"start":{"line":5,"column":1},"end":{"line":5,"column":null}},"3":{"start":{"line":6,"column":1},"end":{"line":6,"column":null}},"4":{"start":{"line":7,"column":1},"end":{"line":7,"column":null}},"5":{"start":{"line":8,"column":1},"end":{"line":8,"column":null}},"6":{"start":{"line":12,"column":1},"end":{"line":12,"column":59}},"7":{"start":{"line":11,"column":0},"end":{"line":11,"column":16}},"8":{"start":{"line":16,"column":1},"end":{"line":16,"column":41}},"9":{"start":{"line":15,"column":0},"end":{"line":15,"column":16}},"10":{"start":{"line":20,"column":15},"end":{"line":20,"column":61}},"11":{"start":{"line":22,"column":1},"end":{"line":22,"column":36}},"12":{"start":{"line":22,"column":20},"end":{"line":22,"column":36}},"13":{"start":{"line":24,"column":1},"end":{"line":24,"column":42}},"14":{"start":{"line":19,"column":0},"end":{"line":19,"column":16}},"15":{"start":{"line":28,"column":25},"end":{"line":30,"column":18}},"16":{"start":{"line":32,"column":1},"end":{"line":34,"column":null}},"17":{"start":{"line":33,"column":2},"end":{"line":33,"column":29}},"18":{"start":{"line":36,"column":20},"end":{"line":36,"column":21}},"19":{"start":{"line":37,"column":18},"end":{"line":37,"column":21}},"20":{"start":{"line":38,"column":1},"end":{"line":43,"column":null}},"21":{"start":{"line":41,"column":2},"end":{"line":41,"column":56}},"22":{"start":{"line":42,"column":2},"end":{"line":42,"column":20}},"23":{"start":{"line":46,"column":2},"end":{"line":56,"column":9}},"24":{"start":{"line":58,"column":1},"end":{"line":71,"column":41}},"25":{"start":{"line":27,"column":0},"end":{"line":27,"column":16}},"26":{"start":{"line":75,"column":15},"end":{"line":75,"column":50}},"27":{"start":{"line":77,"column":1},"end":{"line":83,"column":3}},"28":{"start":{"line":74,"column":0},"end":{"line":74,"column":16}},"29":{"start":{"line":87,"column":1},"end":{"line":91,"column":22}},"30":{"start":{"line":86,"column":0},"end":{"line":86,"column":16}},"31":{"start":{"line":95,"column":1},"end":{"line":99,"column":26}},"32":{"start":{"line":94,"column":0},"end":{"line":94,"column":16}},"33":{"start":{"line":103,"column":27},"end":{"line":105,"column":18}},"34":{"start":{"line":107,"column":1},"end":{"line":109,"column":null}},"35":{"start":{"line":108,"column":2},"end":{"line":108,"column":31}},"36":{"start":{"line":111,"column":20},"end":{"line":111,"column":21}},"37":{"start":{"line":112,"column":18},"end":{"line":112,"column":21}},"38":{"start":{"line":113,"column":1},"end":{"line":118,"column":null}},"39":{"start":{"line":116,"column":2},"end":{"line":116,"column":58}},"40":{"start":{"line":117,"column":2},"end":{"line":117,"column":17}},"41":{"start":{"line":120,"column":1},"end":{"line":130,"column":55}},"42":{"start":{"line":102,"column":0},"end":{"line":102,"column":16}},"43":{"start":{"line":138,"column":23},"end":{"line":138,"column":59}},"44":{"start":{"line":140,"column":1},"end":{"line":168,"column":null}},"45":{"start":{"line":142,"column":3},"end":{"line":146,"column":5}},"46":{"start":{"line":143,"column":4},"end":{"line":145,"column":null}},"47":{"start":{"line":148,"column":3},"end":{"line":152,"column":5}},"48":{"start":{"line":149,"column":4},"end":{"line":151,"column":null}},"49":{"start":{"line":154,"column":3},"end":{"line":159,"column":5}},"50":{"start":{"line":155,"column":4},"end":{"line":158,"column":null}},"51":{"start":{"line":161,"column":3},"end":{"line":165,"column":5}},"52":{"start":{"line":162,"column":4},"end":{"line":164,"column":null}},"53":{"start":{"line":167,"column":3},"end":{"line":167,"column":19}},"54":{"start":{"line":133,"column":0},"end":{"line":133,"column":16}},"55":{"start":{"line":172,"column":20},"end":{"line":172,"column":28}},"56":{"start":{"line":173,"column":17},"end":{"line":173,"column":63}},"57":{"start":{"line":174,"column":1},"end":{"line":174,"column":16}},"58":{"start":{"line":171,"column":0},"end":{"line":171,"column":16}},"59":{"start":{"line":178,"column":20},"end":{"line":178,"column":28}},"60":{"start":{"line":179,"column":17},"end":{"line":179,"column":63}},"61":{"start":{"line":180,"column":1},"end":{"line":180,"column":16}},"62":{"start":{"line":177,"column":0},"end":{"line":177,"column":16}},"63":{"start":{"line":184,"column":17},"end":{"line":184,"column":36}},"64":{"start":{"line":185,"column":1},"end":{"line":185,"column":44}},"65":{"start":{"line":186,"column":1},"end":{"line":186,"column":16}},"66":{"start":{"line":183,"column":0},"end":{"line":183,"column":16}}},"fnMap":{"0":{"name":"(anonymous_0)","decl":{"start":{"line":4,"column":0},"end":{"line":4,"column":12}},"loc":{"start":{"line":4,"column":28},"end":{"line":9,"column":1}}},"1":{"name":"priceToNumber","decl":{"start":{"line":11,"column":16},"end":{"line":11,"column":29}},"loc":{"start":{"line":11,"column":43},"end":{"line":13,"column":1}}},"2":{"name":"percentToNumber","decl":{"start":{"line":15,"column":16},"end":{"line":15,"column":31}},"loc":{"start":{"line":15,"column":47},"end":{"line":17,"column":1}}},"3":{"name":"supplyToNumber","decl":{"start":{"line":19,"column":16},"end":{"line":19,"column":30}},"loc":{"start":{"line":19,"column":69},"end":{"line":25,"column":1}}},"4":{"name":"formatPrice","decl":{"start":{"line":27,"column":16},"end":{"line":27,"column":27}},"loc":{"start":{"line":27,"column":41},"end":{"line":72,"column":1}}},"5":{"name":"formatSupply","decl":{"start":{"line":74,"column":16},"end":{"line":74,"column":28}},"loc":{"start":{"line":74,"column":66},"end":{"line":84,"column":1}}},"6":{"name":"formatMarketCap","decl":{"start":{"line":86,"column":16},"end":{"line":86,"column":31}},"loc":{"start":{"line":86,"column":49},"end":{"line":92,"column":1}}},"7":{"name":"formatVolumeUsd24Hr","decl":{"start":{"line":94,"column":16},"end":{"line":94,"column":35}},"loc":{"start":{"line":94,"column":57},"end":{"line":100,"column":1}}},"8":{"name":"formatPercent","decl":{"start":{"line":102,"column":16},"end":{"line":102,"column":29}},"loc":{"start":{"line":102,"column":45},"end":{"line":131,"column":1}}},"9":{"name":"sortCoinList","decl":{"start":{"line":133,"column":16},"end":{"line":133,"column":28}},"loc":{"start":{"line":136,"column":21},"end":{"line":169,"column":1}}},"10":{"name":"(anonymous_10)","decl":{"start":{"line":142,"column":24},"end":{"line":142,"column":25}},"loc":{"start":{"line":142,"column":29},"end":{"line":143,"column":17}}},"11":{"name":"(anonymous_11)","decl":{"start":{"line":148,"column":24},"end":{"line":148,"column":25}},"loc":{"start":{"line":148,"column":29},"end":{"line":149,"column":17}}},"12":{"name":"(anonymous_12)","decl":{"start":{"line":154,"column":24},"end":{"line":154,"column":25}},"loc":{"start":{"line":154,"column":29},"end":{"line":155,"column":19}}},"13":{"name":"(anonymous_13)","decl":{"start":{"line":161,"column":24},"end":{"line":161,"column":25}},"loc":{"start":{"line":161,"column":29},"end":{"line":162,"column":10}}},"14":{"name":"getDateDayAgo","decl":{"start":{"line":171,"column":16},"end":{"line":171,"column":29}},"loc":{"start":{"line":171,"column":45},"end":{"line":175,"column":1}}},"15":{"name":"getDateWeekAgo","decl":{"start":{"line":177,"column":16},"end":{"line":177,"column":30}},"loc":{"start":{"line":177,"column":46},"end":{"line":181,"column":1}}},"16":{"name":"getDateMonthAgo","decl":{"start":{"line":183,"column":16},"end":{"line":183,"column":31}},"loc":{"start":{"line":183,"column":47},"end":{"line":187,"column":1}}}},"branchMap":{"0":{"loc":{"start":{"line":4,"column":12},"end":{"line":4,"column":null}},"type":"binary-expr","locations":[{"start":{"line":4,"column":12},"end":{"line":4,"column":28}},{"start":{"line":4,"column":12},"end":{"line":4,"column":null}}]},"1":{"loc":{"start":{"line":22,"column":1},"end":{"line":22,"column":36}},"type":"if","locations":[{"start":{"line":22,"column":1},"end":{"line":22,"column":36}}]},"2":{"loc":{"start":{"line":28,"column":25},"end":{"line":30,"column":18}},"type":"cond-expr","locations":[{"start":{"line":29,"column":4},"end":{"line":29,"column":20}},{"start":{"line":30,"column":4},"end":{"line":30,"column":18}}]},"3":{"loc":{"start":{"line":32,"column":1},"end":{"line":34,"column":null}},"type":"if","locations":[{"start":{"line":32,"column":1},"end":{"line":34,"column":null}}]},"4":{"loc":{"start":{"line":38,"column":8},"end":{"line":39,"column":45}},"type":"binary-expr","locations":[{"start":{"line":38,"column":8},"end":{"line":38,"column":26}},{"start":{"line":39,"column":5},"end":{"line":39,"column":45}}]},"5":{"loc":{"start":{"line":48,"column":5},"end":{"line":50,"column":8}},"type":"cond-expr","locations":[{"start":{"line":49,"column":5},"end":{"line":49,"column":37}},{"start":{"line":50,"column":5},"end":{"line":50,"column":8}}]},"6":{"loc":{"start":{"line":51,"column":5},"end":{"line":53,"column":8}},"type":"cond-expr","locations":[{"start":{"line":52,"column":5},"end":{"line":52,"column":41}},{"start":{"line":53,"column":5},"end":{"line":53,"column":8}}]},"7":{"loc":{"start":{"line":54,"column":5},"end":{"line":56,"column":8}},"type":"cond-expr","locations":[{"start":{"line":55,"column":5},"end":{"line":55,"column":41}},{"start":{"line":56,"column":5},"end":{"line":56,"column":8}}]},"8":{"loc":{"start":{"line":58,"column":8},"end":{"line":71,"column":40}},"type":"cond-expr","locations":[{"start":{"line":59,"column":4},"end":{"line":64,"column":26}},{"start":{"line":65,"column":4},"end":{"line":71,"column":40}}]},"9":{"loc":{"start":{"line":75,"column":15},"end":{"line":75,"column":50}},"type":"cond-expr","locations":[{"start":{"line":75,"column":33},"end":{"line":75,"column":41}},{"start":{"line":75,"column":44},"end":{"line":75,"column":50}}]},"10":{"loc":{"start":{"line":103,"column":27},"end":{"line":105,"column":18}},"type":"cond-expr","locations":[{"start":{"line":104,"column":4},"end":{"line":104,"column":22}},{"start":{"line":105,"column":4},"end":{"line":105,"column":18}}]},"11":{"loc":{"start":{"line":107,"column":1},"end":{"line":109,"column":null}},"type":"if","locations":[{"start":{"line":107,"column":1},"end":{"line":109,"column":null}}]},"12":{"loc":{"start":{"line":113,"column":8},"end":{"line":114,"column":47}},"type":"binary-expr","locations":[{"start":{"line":113,"column":8},"end":{"line":113,"column":26}},{"start":{"line":114,"column":5},"end":{"line":114,"column":47}}]},"13":{"loc":{"start":{"line":120,"column":8},"end":{"line":130,"column":54}},"type":"cond-expr","locations":[{"start":{"line":121,"column":4},"end":{"line":125,"column":54}},{"start":{"line":126,"column":4},"end":{"line":130,"column":54}}]},"14":{"loc":{"start":{"line":138,"column":23},"end":{"line":138,"column":59}},"type":"cond-expr","locations":[{"start":{"line":138,"column":53},"end":{"line":138,"column":54}},{"start":{"line":138,"column":57},"end":{"line":138,"column":59}}]},"15":{"loc":{"start":{"line":140,"column":1},"end":{"line":168,"column":null}},"type":"switch","locations":[{"start":{"line":141,"column":2},"end":{"line":146,"column":5}},{"start":{"line":147,"column":2},"end":{"line":152,"column":5}},{"start":{"line":153,"column":2},"end":{"line":159,"column":5}},{"start":{"line":160,"column":2},"end":{"line":165,"column":5}},{"start":{"line":166,"column":2},"end":{"line":167,"column":19}}]},"16":{"loc":{"start":{"line":143,"column":4},"end":{"line":145,"column":21}},"type":"cond-expr","locations":[{"start":{"line":144,"column":7},"end":{"line":144,"column":20}},{"start":{"line":145,"column":7},"end":{"line":145,"column":21}}]},"17":{"loc":{"start":{"line":149,"column":4},"end":{"line":151,"column":21}},"type":"cond-expr","locations":[{"start":{"line":150,"column":7},"end":{"line":150,"column":20}},{"start":{"line":151,"column":7},"end":{"line":151,"column":21}}]},"18":{"loc":{"start":{"line":155,"column":4},"end":{"line":158,"column":21}},"type":"cond-expr","locations":[{"start":{"line":157,"column":7},"end":{"line":157,"column":20}},{"start":{"line":158,"column":7},"end":{"line":158,"column":21}}]},"19":{"loc":{"start":{"line":162,"column":4},"end":{"line":164,"column":21}},"type":"cond-expr","locations":[{"start":{"line":163,"column":7},"end":{"line":163,"column":20}},{"start":{"line":164,"column":7},"end":{"line":164,"column":21}}]}},"s":{"0":2,"1":2,"2":2,"3":2,"4":2,"5":2,"6":140,"7":2,"8":64,"9":2,"10":5,"11":5,"12":1,"13":4,"14":2,"15":8,"16":8,"17":2,"18":8,"19":8,"20":8,"21":54,"22":54,"23":8,"24":8,"25":2,"26":5,"27":5,"28":2,"29":4,"30":2,"31":4,"32":2,"33":8,"34":8,"35":1,"36":8,"37":8,"38":8,"39":33,"40":33,"41":8,"42":2,"43":9,"44":9,"45":2,"46":34,"47":2,"48":32,"49":2,"50":30,"51":2,"52":29,"53":1,"54":2,"55":1,"56":1,"57":1,"58":2,"59":1,"60":1,"61":1,"62":2,"63":1,"64":1,"65":1,"66":2},"f":{"0":2,"1":140,"2":64,"3":5,"4":8,"5":5,"6":4,"7":4,"8":8,"9":9,"10":34,"11":32,"12":30,"13":29,"14":1,"15":1,"16":1},"b":{"0":[2,2],"1":[1],"2":[8,0],"3":[2],"4":[62,56],"5":[5,3],"6":[1,7],"7":[1,7],"8":[4,4],"9":[1,4],"10":[8,0],"11":[1],"12":[41,34],"13":[5,3],"14":[4,5],"15":[2,2,2,2,1],"16":[15,19],"17":[14,18],"18":[18,12],"19":[21,8]}}
,"G:\\GitHub\\TT-EtaCarSystems\\react-nodejs-trpc-cryptocurrency-info\\react-nodejs-trpc-cryptocurrency-info\\client\\src\\logic\\utils\\PortfolioHelper.ts": {"path":"G:\\GitHub\\TT-EtaCarSystems\\react-nodejs-trpc-cryptocurrency-info\\react-nodejs-trpc-cryptocurrency-info\\client\\src\\logic\\utils\\PortfolioHelper.ts","statementMap":{"0":{"start":{"line":5,"column":0},"end":{"line":5,"column":51}},"1":{"start":{"line":8,"column":1},"end":{"line":8,"column":54}},"2":{"start":{"line":7,"column":0},"end":{"line":7,"column":16}},"3":{"start":{"line":12,"column":1},"end":{"line":16,"column":3}},"4":{"start":{"line":14,"column":3},"end":{"line":14,"column":null}},"5":{"start":{"line":20,"column":1},"end":{"line":36,"column":8}},"6":{"start":{"line":21,"column":20},"end":{"line":21,"column":72}},"7":{"start":{"line":21,"column":44},"end":{"line":21,"column":72}},"8":{"start":{"line":23,"column":2},"end":{"line":33,"column":null}},"9":{"start":{"line":24,"column":3},"end":{"line":28,"column":6}},"10":{"start":{"line":30,"column":3},"end":{"line":30,"column":53}},"11":{"start":{"line":31,"column":3},"end":{"line":32,"column":50}},"12":{"start":{"line":35,"column":2},"end":{"line":35,"column":16}},"13":{"start":{"line":19,"column":0},"end":{"line":19,"column":16}},"14":{"start":{"line":43,"column":1},"end":{"line":51,"column":4}},"15":{"start":{"line":44,"column":22},"end":{"line":45,"column":null}},"16":{"start":{"line":45,"column":30},"end":{"line":45,"column":47}},"17":{"start":{"line":47,"column":2},"end":{"line":50,"column":4}},"18":{"start":{"line":39,"column":0},"end":{"line":39,"column":16}}},"fnMap":{"0":{"name":"getSpentAmount","decl":{"start":{"line":7,"column":16},"end":{"line":7,"column":30}},"loc":{"start":{"line":7,"column":51},"end":{"line":9,"column":1}}},"1":{"name":"getTransactionsSum","decl":{"start":{"line":11,"column":9},"end":{"line":11,"column":27}},"loc":{"start":{"line":11,"column":47},"end":{"line":17,"column":1}}},"2":{"name":"(anonymous_2)","decl":{"start":{"line":13,"column":2},"end":{"line":13,"column":3}},"loc":{"start":{"line":13,"column":21},"end":{"line":14,"column":4}}},"3":{"name":"mapTransactionsByCoin","decl":{"start":{"line":19,"column":16},"end":{"line":19,"column":37}},"loc":{"start":{"line":19,"column":57},"end":{"line":37,"column":1}}},"4":{"name":"(anonymous_4)","decl":{"start":{"line":20,"column":35},"end":{"line":20,"column":36}},"loc":{"start":{"line":20,"column":55},"end":{"line":36,"column":2}}},"5":{"name":"(anonymous_5)","decl":{"start":{"line":21,"column":37},"end":{"line":21,"column":38}},"loc":{"start":{"line":21,"column":39},"end":{"line":21,"column":45}}},"6":{"name":"getCoinsActualPrice","decl":{"start":{"line":39,"column":16},"end":{"line":39,"column":35}},"loc":{"start":{"line":41,"column":24},"end":{"line":52,"column":1}}},"7":{"name":"(anonymous_7)","decl":{"start":{"line":43,"column":21},"end":{"line":43,"column":22}},"loc":{"start":{"line":43,"column":26},"end":{"line":51,"column":2}}},"8":{"name":"(anonymous_8)","decl":{"start":{"line":45,"column":23},"end":{"line":45,"column":24}},"loc":{"start":{"line":45,"column":25},"end":{"line":45,"column":31}}}},"branchMap":{"0":{"loc":{"start":{"line":23,"column":2},"end":{"line":33,"column":null}},"type":"if","locations":[{"start":{"line":23,"column":2},"end":{"line":33,"column":null}},{"start":{"line":29,"column":9},"end":{"line":33,"column":null}}]},"1":{"loc":{"start":{"line":45,"column":3},"end":{"line":45,"column":64}},"type":"binary-expr","locations":[{"start":{"line":45,"column":3},"end":{"line":45,"column":57}},{"start":{"line":45,"column":61},"end":{"line":45,"column":64}}]},"2":{"loc":{"start":{"line":45,"column":3},"end":{"line":45,"column":57}},"type":"cond-expr","locations":[{"start":{"line":45,"column":47},"end":{"line":45,"column":49}},{"start":{"line":45,"column":47},"end":{"line":45,"column":57}}]},"3":{"loc":{"start":{"line":45,"column":3},"end":{"line":45,"column":49}},"type":"binary-expr","locations":[{"start":{"line":45,"column":3},"end":{"line":45,"column":49}},{"start":{"line":45,"column":47},"end":{"line":45,"column":49}}]}},"s":{"0":1,"1":1,"2":1,"3":1,"4":11,"5":1,"6":11,"7":14,"8":11,"9":4,"10":7,"11":7,"12":11,"13":1,"14":1,"15":4,"16":10,"17":4,"18":1},"f":{"0":1,"1":1,"2":11,"3":1,"4":11,"5":14,"6":1,"7":4,"8":10},"b":{"0":[4,7],"1":[4,0],"2":[0,4],"3":[4,4]}}
,"G:\\GitHub\\TT-EtaCarSystems\\react-nodejs-trpc-cryptocurrency-info\\react-nodejs-trpc-cryptocurrency-info\\client\\src\\logic\\utils\\useDebounce.ts": {"path":"G:\\GitHub\\TT-EtaCarSystems\\react-nodejs-trpc-cryptocurrency-info\\react-nodejs-trpc-cryptocurrency-info\\client\\src\\logic\\utils\\useDebounce.ts","statementMap":{"0":{"start":{"line":1,"column":0},"end":{"line":1,"column":42}},"1":{"start":{"line":7,"column":1},"end":{"line":7,"column":null}},"2":{"start":{"line":9,"column":15},"end":{"line":9,"column":30}},"3":{"start":{"line":11,"column":1},"end":{"line":17,"column":8}},"4":{"start":{"line":12,"column":2},"end":{"line":16,"column":4}},"5":{"start":{"line":13,"column":3},"end":{"line":13,"column":30}},"6":{"start":{"line":13,"column":23},"end":{"line":13,"column":30}},"7":{"start":{"line":15,"column":3},"end":{"line":15,"column":31}},"8":{"start":{"line":19,"column":28},"end":{"line":24,"column":2}},"9":{"start":{"line":19,"column":29},"end":{"line":19,"column":36}},"10":{"start":{"line":20,"column":19},"end":{"line":20,"column":57}},"11":{"start":{"line":20,"column":36},"end":{"line":20,"column":49}},"12":{"start":{"line":22,"column":2},"end":{"line":22,"column":30}},"13":{"start":{"line":23,"column":2},"end":{"line":23,"column":27}},"14":{"start":{"line":26,"column":1},"end":{"line":26,"column":26}},"15":{"start":{"line":5,"column":0},"end":{"line":5,"column":16}}},"fnMap":{"0":{"name":"useDebounce","decl":{"start":{"line":5,"column":16},"end":{"line":5,"column":27}},"loc":{"start":{"line":7,"column":13},"end":{"line":27,"column":1}}},"1":{"name":"(anonymous_1)","decl":{"start":{"line":11,"column":11},"end":{"line":11,"column":null}},"loc":{"start":{"line":11,"column":11},"end":{"line":17,"column":2}}},"2":{"name":"(anonymous_2)","decl":{"start":{"line":12,"column":9},"end":{"line":12,"column":null}},"loc":{"start":{"line":12,"column":9},"end":{"line":16,"column":3}}},"3":{"name":"(anonymous_3)","decl":{"start":{"line":19,"column":28},"end":{"line":19,"column":29}},"loc":{"start":{"line":19,"column":28},"end":{"line":24,"column":2}}},"4":{"name":"(anonymous_4)","decl":{"start":{"line":20,"column":30},"end":{"line":20,"column":36}},"loc":{"start":{"line":20,"column":30},"end":{"line":20,"column":40}}}},"branchMap":{"0":{"loc":{"start":{"line":7,"column":1},"end":{"line":7,"column":null}},"type":"if","locations":[{"start":{"line":7,"column":1},"end":{"line":7,"column":null}}]},"1":{"loc":{"start":{"line":13,"column":3},"end":{"line":13,"column":30}},"type":"if","locations":[{"start":{"line":13,"column":3},"end":{"line":13,"column":30}}]}},"s":{"0":1,"1":12,"2":8,"3":8,"4":2,"5":2,"6":0,"7":2,"8":8,"9":12,"10":4,"11":3,"12":4,"13":4,"14":8,"15":1},"f":{"0":8,"1":2,"2":2,"3":4,"4":3},"b":{"0":[4],"1":[0]}}
,"G:\\GitHub\\TT-EtaCarSystems\\react-nodejs-trpc-cryptocurrency-info\\react-nodejs-trpc-cryptocurrency-info\\client\\src\\models\\Interface.ts": {"path":"G:\\GitHub\\TT-EtaCarSystems\\react-nodejs-trpc-cryptocurrency-info\\react-nodejs-trpc-cryptocurrency-info\\client\\src\\models\\Interface.ts","statementMap":{"0":{"start":{"line":1,"column":13},"end":{"line":1,"column":46}},"1":{"start":{"line":3,"column":13},"end":{"line":6,"column":2}},"2":{"start":{"line":9,"column":13},"end":{"line":9,"column":54}},"3":{"start":{"line":11,"column":0},"end":{"line":11,"column":null}},"4":{"start":{"line":12,"column":1},"end":{"line":12,"column":null}},"5":{"start":{"line":13,"column":1},"end":{"line":13,"column":null}},"6":{"start":{"line":14,"column":1},"end":{"line":14,"column":null}}},"fnMap":{"0":{"name":"(anonymous_0)","decl":{"start":{"line":11,"column":0},"end":{"line":11,"column":12}},"loc":{"start":{"line":11,"column":21},"end":{"line":15,"column":1}}}},"branchMap":{"0":{"loc":{"start":{"line":11,"column":12},"end":{"line":11,"column":null}},"type":"binary-expr","locations":[{"start":{"line":11,"column":12},"end":{"line":11,"column":21}},{"start":{"line":11,"column":12},"end":{"line":11,"column":null}}]}},"s":{"0":2,"1":2,"2":2,"3":2,"4":2,"5":2,"6":2},"f":{"0":2},"b":{"0":[2,2]}}
}
