{"G:\\GitHub\\TT-EtaCarSystems\\react-nodejs-trpc-cryptocurrency-info\\react-nodejs-trpc-cryptocurrency-info\\client\\fileMock.ts": {"path":"G:\\GitHub\\TT-EtaCarSystems\\react-nodejs-trpc-cryptocurrency-info\\react-nodejs-trpc-cryptocurrency-info\\client\\fileMock.ts","statementMap":{"0":{"start":{"line":4,"column":23},"end":{"line":4,"column":25}},"1":{"start":{"line":6,"column":0},"end":{"line":6,"column":22}}},"fnMap":{},"branchMap":{},"s":{"0":1,"1":1},"f":{},"b":{}}
,"G:\\GitHub\\TT-EtaCarSystems\\react-nodejs-trpc-cryptocurrency-info\\react-nodejs-trpc-cryptocurrency-info\\client\\styleMock.ts": {"path":"G:\\GitHub\\TT-EtaCarSystems\\react-nodejs-trpc-cryptocurrency-info\\react-nodejs-trpc-cryptocurrency-info\\client\\styleMock.ts","statementMap":{"0":{"start":{"line":4,"column":23},"end":{"line":4,"column":25}},"1":{"start":{"line":6,"column":0},"end":{"line":6,"column":22}}},"fnMap":{},"branchMap":{},"s":{"0":11,"1":11},"f":{},"b":{}}
,"G:\\GitHub\\TT-EtaCarSystems\\react-nodejs-trpc-cryptocurrency-info\\react-nodejs-trpc-cryptocurrency-info\\client\\src\\components\\FavoriteButton\\FavoriteButton.tsx": {"path":"G:\\GitHub\\TT-EtaCarSystems\\react-nodejs-trpc-cryptocurrency-info\\react-nodejs-trpc-cryptocurrency-info\\client\\src\\components\\FavoriteButton\\FavoriteButton.tsx","statementMap":{"0":{"start":{"line":1,"column":0},"end":{"line":1,"column":44}},"1":{"start":{"line":5,"column":0},"end":{"line":5,"column":66}},"2":{"start":{"line":7,"column":0},"end":{"line":7,"column":66}},"3":{"start":{"line":15,"column":7},"end":{"line":15,"column":null}},"4":{"start":{"line":16,"column":1},"end":{"line":16,"column":9}},"5":{"start":{"line":16,"column":9},"end":{"line":16,"column":null}},"6":{"start":{"line":22,"column":5},"end":{"line":22,"column":33}},"7":{"start":{"line":19,"column":17},"end":{"line":19,"column":null}},"8":{"start":{"line":20,"column":13},"end":{"line":20,"column":null}},"9":{"start":{"line":21,"column":16},"end":{"line":21,"column":null}},"10":{"start":{"line":24,"column":20},"end":{"line":24,"column":56}},"11":{"start":{"line":26,"column":21},"end":{"line":36,"column":null}},"12":{"start":{"line":27,"column":8},"end":{"line":34,"column":null}},"13":{"start":{"line":28,"column":3},"end":{"line":28,"column":26}},"14":{"start":{"line":29,"column":3},"end":{"line":33,"column":null}},"15":{"start":{"line":30,"column":4},"end":{"line":30,"column":27}},"16":{"start":{"line":32,"column":4},"end":{"line":32,"column":24}},"17":{"start":{"line":39,"column":17},"end":{"line":44,"column":null}},"18":{"start":{"line":41,"column":3},"end":{"line":43,"column":null}},"19":{"start":{"line":47,"column":1},"end":{"line":56,"column":3}},"20":{"start":{"line":14,"column":0},"end":{"line":14,"column":24}}},"fnMap":{"0":{"name":"FavoriteButton","decl":{"start":{"line":14,"column":24},"end":{"line":14,"column":38}},"loc":{"start":{"line":17,"column":22},"end":{"line":57,"column":1}}},"1":{"name":"(anonymous_2)","decl":{"start":{"line":27,"column":2},"end":{"line":27,"column":8}},"loc":{"start":{"line":27,"column":2},"end":{"line":27,"column":9}}},"2":{"name":"(anonymous_3)","decl":{"start":{"line":27,"column":8},"end":{"line":27,"column":9}},"loc":{"start":{"line":27,"column":32},"end":{"line":34,"column":3}}},"3":{"name":"(anonymous_4)","decl":{"start":{"line":40,"column":2},"end":{"line":40,"column":null}},"loc":{"start":{"line":40,"column":2},"end":{"line":41,"column":13}}}},"branchMap":{"0":{"loc":{"start":{"line":16,"column":9},"end":{"line":16,"column":null}},"type":"cond-expr","locations":[{"start":{"line":16,"column":12},"end":{"line":16,"column":17}},{"start":{"line":16,"column":17},"end":{"line":16,"column":null}}]},"1":{"loc":{"start":{"line":29,"column":3},"end":{"line":33,"column":null}},"type":"if","locations":[{"start":{"line":29,"column":3},"end":{"line":33,"column":null}},{"start":{"line":31,"column":10},"end":{"line":33,"column":null}}]},"2":{"loc":{"start":{"line":41,"column":3},"end":{"line":43,"column":44}},"type":"cond-expr","locations":[{"start":{"line":42,"column":6},"end":{"line":42,"column":42}},{"start":{"line":43,"column":6},"end":{"line":43,"column":44}}]}},"s":{"0":1,"1":1,"2":1,"3":3,"4":3,"5":3,"6":3,"7":3,"8":3,"9":3,"10":3,"11":3,"12":3,"13":0,"14":0,"15":0,"16":0,"17":3,"18":3,"19":3,"20":1},"f":{"0":3,"1":3,"2":0,"3":3},"b":{"0":[0,3],"1":[0,0],"2":[0,3]}}
,"G:\\GitHub\\TT-EtaCarSystems\\react-nodejs-trpc-cryptocurrency-info\\react-nodejs-trpc-cryptocurrency-info\\client\\src\\components\\TrendingCoins\\TrendingCoins.tsx": {"path":"G:\\GitHub\\TT-EtaCarSystems\\react-nodejs-trpc-cryptocurrency-info\\react-nodejs-trpc-cryptocurrency-info\\client\\src\\components\\TrendingCoins\\TrendingCoins.tsx","statementMap":{"0":{"start":{"line":1,"column":0},"end":{"line":1,"column":29}},"1":{"start":{"line":5,"column":0},"end":{"line":5,"column":48}},"2":{"start":{"line":7,"column":0},"end":{"line":7,"column":72}},"3":{"start":{"line":13,"column":33},"end":{"line":13,"column":55}},"4":{"start":{"line":14,"column":1},"end":{"line":37,"column":3}},"5":{"start":{"line":19,"column":5},"end":{"line":33,"column":7}},"6":{"start":{"line":40,"column":26},"end":{"line":40,"column":45}},"7":{"start":{"line":41,"column":0},"end":{"line":41,"column":33}}},"fnMap":{"0":{"name":"TrendingCoins","decl":{"start":{"line":13,"column":9},"end":{"line":13,"column":22}},"loc":{"start":{"line":13,"column":55},"end":{"line":38,"column":1}}},"1":{"name":"(anonymous_4)","decl":{"start":{"line":18,"column":18},"end":{"line":18,"column":19}},"loc":{"start":{"line":18,"column":23},"end":{"line":34,"column":5}}}},"branchMap":{},"s":{"0":1,"1":1,"2":1,"3":3,"4":3,"5":11,"6":1,"7":1},"f":{"0":3,"1":11},"b":{}}
,"G:\\GitHub\\TT-EtaCarSystems\\react-nodejs-trpc-cryptocurrency-info\\react-nodejs-trpc-cryptocurrency-info\\client\\src\\components\\general\\Button\\Button.tsx": {"path":"G:\\GitHub\\TT-EtaCarSystems\\react-nodejs-trpc-cryptocurrency-info\\react-nodejs-trpc-cryptocurrency-info\\client\\src\\components\\general\\Button\\Button.tsx","statementMap":{"0":{"start":{"line":1,"column":0},"end":{"line":1,"column":29}},"1":{"start":{"line":3,"column":0},"end":{"line":3,"column":66}},"2":{"start":{"line":15,"column":10},"end":{"line":15,"column":null}},"3":{"start":{"line":16,"column":6},"end":{"line":16,"column":null}},"4":{"start":{"line":17,"column":1},"end":{"line":17,"column":6}},"5":{"start":{"line":17,"column":6},"end":{"line":17,"column":null}},"6":{"start":{"line":18,"column":1},"end":{"line":18,"column":5}},"7":{"start":{"line":18,"column":5},"end":{"line":18,"column":null}},"8":{"start":{"line":19,"column":1},"end":{"line":19,"column":9}},"9":{"start":{"line":19,"column":9},"end":{"line":19,"column":null}},"10":{"start":{"line":20,"column":8},"end":{"line":20,"column":null}},"11":{"start":{"line":22,"column":1},"end":{"line":33,"column":3}},"12":{"start":{"line":36,"column":19},"end":{"line":36,"column":31}},"13":{"start":{"line":37,"column":0},"end":{"line":37,"column":26}}},"fnMap":{"0":{"name":"Button","decl":{"start":{"line":14,"column":9},"end":{"line":14,"column":15}},"loc":{"start":{"line":21,"column":14},"end":{"line":34,"column":1}}}},"branchMap":{"0":{"loc":{"start":{"line":17,"column":6},"end":{"line":17,"column":null}},"type":"cond-expr","locations":[{"start":{"line":17,"column":9},"end":{"line":17,"column":11}},{"start":{"line":17,"column":11},"end":{"line":17,"column":null}}]},"1":{"loc":{"start":{"line":18,"column":5},"end":{"line":18,"column":null}},"type":"cond-expr","locations":[{"start":{"line":18,"column":8},"end":{"line":18,"column":16}},{"start":{"line":18,"column":16},"end":{"line":18,"column":null}}]},"2":{"loc":{"start":{"line":19,"column":9},"end":{"line":19,"column":null}},"type":"cond-expr","locations":[{"start":{"line":19,"column":12},"end":{"line":19,"column":17}},{"start":{"line":19,"column":17},"end":{"line":19,"column":null}}]}},"s":{"0":1,"1":1,"2":3,"3":3,"4":3,"5":3,"6":3,"7":3,"8":3,"9":3,"10":3,"11":3,"12":1,"13":1},"f":{"0":3},"b":{"0":[3,0],"1":[3,0],"2":[1,2]}}
,"G:\\GitHub\\TT-EtaCarSystems\\react-nodejs-trpc-cryptocurrency-info\\react-nodejs-trpc-cryptocurrency-info\\client\\src\\components\\general\\Icon\\Icon.tsx": {"path":"G:\\GitHub\\TT-EtaCarSystems\\react-nodejs-trpc-cryptocurrency-info\\react-nodejs-trpc-cryptocurrency-info\\client\\src\\components\\general\\Icon\\Icon.tsx","statementMap":{"0":{"start":{"line":1,"column":0},"end":{"line":1,"column":39}},"1":{"start":{"line":3,"column":0},"end":{"line":3,"column":62}},"2":{"start":{"line":11,"column":23},"end":{"line":11,"column":25}},"3":{"start":{"line":11,"column":25},"end":{"line":11,"column":31}},"4":{"start":{"line":11,"column":31},"end":{"line":11,"column":38}},"5":{"start":{"line":11,"column":41},"end":{"line":11,"column":54}},"6":{"start":{"line":12,"column":31},"end":{"line":12,"column":56}},"7":{"start":{"line":12,"column":15},"end":{"line":12,"column":17}},"8":{"start":{"line":12,"column":27},"end":{"line":12,"column":31}},"9":{"start":{"line":14,"column":21},"end":{"line":14,"column":38}},"10":{"start":{"line":15,"column":18},"end":{"line":15,"column":31}},"11":{"start":{"line":18,"column":2},"end":{"line":18,"column":40}},"12":{"start":{"line":21,"column":1},"end":{"line":38,"column":3}},"13":{"start":{"line":41,"column":17},"end":{"line":41,"column":27}},"14":{"start":{"line":42,"column":0},"end":{"line":42,"column":24}}},"fnMap":{"0":{"name":"Icon","decl":{"start":{"line":11,"column":9},"end":{"line":11,"column":13}},"loc":{"start":{"line":11,"column":54},"end":{"line":39,"column":1}}},"1":{"name":"setDefaultLogoSrc","decl":{"start":{"line":17,"column":10},"end":{"line":17,"column":27}},"loc":{"start":{"line":17,"column":27},"end":{"line":19,"column":2}}}},"branchMap":{"0":{"loc":{"start":{"line":11,"column":31},"end":{"line":11,"column":38}},"type":"cond-expr","locations":[{"start":{"line":11,"column":34},"end":{"line":11,"column":36}},{"start":{"line":11,"column":36},"end":{"line":11,"column":38}}]}},"s":{"0":3,"1":3,"2":20,"3":20,"4":20,"5":20,"6":20,"7":20,"8":20,"9":20,"10":20,"11":1,"12":20,"13":3,"14":3},"f":{"0":20,"1":1},"b":{"0":[8,12]}}
,"G:\\GitHub\\TT-EtaCarSystems\\react-nodejs-trpc-cryptocurrency-info\\react-nodejs-trpc-cryptocurrency-info\\client\\src\\components\\general\\IconButton\\IconButton.tsx": {"path":"G:\\GitHub\\TT-EtaCarSystems\\react-nodejs-trpc-cryptocurrency-info\\react-nodejs-trpc-cryptocurrency-info\\client\\src\\components\\general\\IconButton\\IconButton.tsx","statementMap":{"0":{"start":{"line":1,"column":0},"end":{"line":1,"column":39}},"1":{"start":{"line":3,"column":0},"end":{"line":3,"column":74}},"2":{"start":{"line":14,"column":8},"end":{"line":14,"column":null}},"3":{"start":{"line":15,"column":8},"end":{"line":15,"column":null}},"4":{"start":{"line":16,"column":8},"end":{"line":16,"column":null}},"5":{"start":{"line":17,"column":1},"end":{"line":17,"column":7}},"6":{"start":{"line":17,"column":7},"end":{"line":17,"column":null}},"7":{"start":{"line":18,"column":1},"end":{"line":18,"column":9}},"8":{"start":{"line":18,"column":9},"end":{"line":18,"column":null}},"9":{"start":{"line":20,"column":31},"end":{"line":20,"column":56}},"10":{"start":{"line":20,"column":15},"end":{"line":20,"column":17}},"11":{"start":{"line":20,"column":27},"end":{"line":20,"column":31}},"12":{"start":{"line":22,"column":21},"end":{"line":22,"column":38}},"13":{"start":{"line":23,"column":18},"end":{"line":23,"column":31}},"14":{"start":{"line":26,"column":2},"end":{"line":26,"column":40}},"15":{"start":{"line":29,"column":1},"end":{"line":47,"column":3}},"16":{"start":{"line":50,"column":23},"end":{"line":50,"column":39}},"17":{"start":{"line":51,"column":0},"end":{"line":51,"column":30}}},"fnMap":{"0":{"name":"IconButton","decl":{"start":{"line":13,"column":9},"end":{"line":13,"column":19}},"loc":{"start":{"line":19,"column":18},"end":{"line":48,"column":1}}},"1":{"name":"setDefaultLogoSrc","decl":{"start":{"line":25,"column":10},"end":{"line":25,"column":27}},"loc":{"start":{"line":25,"column":27},"end":{"line":27,"column":2}}}},"branchMap":{"0":{"loc":{"start":{"line":17,"column":7},"end":{"line":17,"column":null}},"type":"cond-expr","locations":[{"start":{"line":17,"column":10},"end":{"line":17,"column":12}},{"start":{"line":17,"column":12},"end":{"line":17,"column":null}}]},"1":{"loc":{"start":{"line":18,"column":9},"end":{"line":18,"column":null}},"type":"cond-expr","locations":[{"start":{"line":18,"column":12},"end":{"line":18,"column":17}},{"start":{"line":18,"column":17},"end":{"line":18,"column":null}}]}},"s":{"0":2,"1":2,"2":12,"3":12,"4":12,"5":12,"6":12,"7":12,"8":12,"9":12,"10":12,"11":12,"12":12,"13":12,"14":1,"15":12,"16":2,"17":2},"f":{"0":12,"1":1},"b":{"0":[8,4],"1":[7,5]}}
,"G:\\GitHub\\TT-EtaCarSystems\\react-nodejs-trpc-cryptocurrency-info\\react-nodejs-trpc-cryptocurrency-info\\client\\src\\components\\general\\Modal\\Modal.tsx": {"path":"G:\\GitHub\\TT-EtaCarSystems\\react-nodejs-trpc-cryptocurrency-info\\react-nodejs-trpc-cryptocurrency-info\\client\\src\\components\\general\\Modal\\Modal.tsx","statementMap":{"0":{"start":{"line":1,"column":0},"end":{"line":1,"column":64}},"1":{"start":{"line":8,"column":46},"end":{"line":8,"column":48}},"2":{"start":{"line":8,"column":56},"end":{"line":8,"column":70}},"3":{"start":{"line":9,"column":1},"end":{"line":14,"column":3}},"4":{"start":{"line":8,"column":0},"end":{"line":8,"column":24}}},"fnMap":{"0":{"name":"Module","decl":{"start":{"line":8,"column":24},"end":{"line":8,"column":30}},"loc":{"start":{"line":8,"column":70},"end":{"line":15,"column":1}}}},"branchMap":{},"s":{"0":1,"1":4,"2":4,"3":4,"4":1},"f":{"0":4},"b":{}}
,"G:\\GitHub\\TT-EtaCarSystems\\react-nodejs-trpc-cryptocurrency-info\\react-nodejs-trpc-cryptocurrency-info\\client\\src\\components\\general\\Pagination\\Pagination.tsx": {"path":"G:\\GitHub\\TT-EtaCarSystems\\react-nodejs-trpc-cryptocurrency-info\\react-nodejs-trpc-cryptocurrency-info\\client\\src\\components\\general\\Pagination\\Pagination.tsx","statementMap":{"0":{"start":{"line":1,"column":0},"end":{"line":1,"column":74}},"1":{"start":{"line":10,"column":11},"end":{"line":10,"column":null}},"2":{"start":{"line":11,"column":15},"end":{"line":11,"column":null}},"3":{"start":{"line":12,"column":11},"end":{"line":12,"column":null}},"4":{"start":{"line":15,"column":2},"end":{"line":15,"column":33}},"5":{"start":{"line":19,"column":2},"end":{"line":19,"column":33}},"6":{"start":{"line":22,"column":24},"end":{"line":22,"column":42}},"7":{"start":{"line":24,"column":1},"end":{"line":51,"column":3}},"8":{"start":{"line":9,"column":0},"end":{"line":9,"column":24}}},"fnMap":{"0":{"name":"Pagination","decl":{"start":{"line":9,"column":24},"end":{"line":9,"column":34}},"loc":{"start":{"line":13,"column":18},"end":{"line":52,"column":1}}},"1":{"name":"prevPage","decl":{"start":{"line":14,"column":10},"end":{"line":14,"column":18}},"loc":{"start":{"line":14,"column":18},"end":{"line":16,"column":2}}},"2":{"name":"nextPage","decl":{"start":{"line":18,"column":10},"end":{"line":18,"column":18}},"loc":{"start":{"line":18,"column":18},"end":{"line":20,"column":2}}},"3":{"name":"(anonymous_6)","decl":{"start":{"line":37,"column":13},"end":{"line":37,"column":21}},"loc":{"start":{"line":37,"column":13},"end":{"line":37,"column":22}}}},"branchMap":{},"s":{"0":1,"1":8,"2":8,"3":8,"4":2,"5":3,"6":8,"7":8,"8":1},"f":{"0":8,"1":2,"2":3,"3":0},"b":{}}
,"G:\\GitHub\\TT-EtaCarSystems\\react-nodejs-trpc-cryptocurrency-info\\react-nodejs-trpc-cryptocurrency-info\\client\\src\\components\\general\\Pagination\\PaginationTest.tsx": {"path":"G:\\GitHub\\TT-EtaCarSystems\\react-nodejs-trpc-cryptocurrency-info\\react-nodejs-trpc-cryptocurrency-info\\client\\src\\components\\general\\Pagination\\PaginationTest.tsx","statementMap":{"0":{"start":{"line":1,"column":0},"end":{"line":1,"column":33}},"1":{"start":{"line":3,"column":0},"end":{"line":3,"column":38}},"2":{"start":{"line":6,"column":34},"end":{"line":6,"column":53}},"3":{"start":{"line":6,"column":18},"end":{"line":6,"column":20}},"4":{"start":{"line":6,"column":30},"end":{"line":6,"column":34}},"5":{"start":{"line":8,"column":8},"end":{"line":8,"column":28}},"6":{"start":{"line":11,"column":4},"end":{"line":16,"column":null}},"7":{"start":{"line":5,"column":0},"end":{"line":5,"column":24}}},"fnMap":{"0":{"name":"TestComponent","decl":{"start":{"line":5,"column":24},"end":{"line":5,"column":37}},"loc":{"start":{"line":5,"column":37},"end":{"line":17,"column":1}}},"1":{"name":"changePageInd","decl":{"start":{"line":7,"column":13},"end":{"line":7,"column":26}},"loc":{"start":{"line":7,"column":42},"end":{"line":9,"column":5}}}},"branchMap":{},"s":{"0":1,"1":1,"2":6,"3":6,"4":6,"5":5,"6":6,"7":1},"f":{"0":6,"1":5},"b":{}}
,"G:\\GitHub\\TT-EtaCarSystems\\react-nodejs-trpc-cryptocurrency-info\\react-nodejs-trpc-cryptocurrency-info\\client\\src\\components\\general\\SearchInput\\SearchInput.tsx": {"path":"G:\\GitHub\\TT-EtaCarSystems\\react-nodejs-trpc-cryptocurrency-info\\react-nodejs-trpc-cryptocurrency-info\\client\\src\\components\\general\\SearchInput\\SearchInput.tsx","statementMap":{"0":{"start":{"line":1,"column":0},"end":{"line":1,"column":29}},"1":{"start":{"line":3,"column":0},"end":{"line":3,"column":67}},"2":{"start":{"line":5,"column":0},"end":{"line":5,"column":76}},"3":{"start":{"line":13,"column":28},"end":{"line":13,"column":30}},"4":{"start":{"line":13,"column":46},"end":{"line":13,"column":48}},"5":{"start":{"line":13,"column":56},"end":{"line":13,"column":76}},"6":{"start":{"line":14,"column":1},"end":{"line":25,"column":3}},"7":{"start":{"line":21,"column":25},"end":{"line":21,"column":null}},"8":{"start":{"line":28,"column":24},"end":{"line":28,"column":41}},"9":{"start":{"line":29,"column":0},"end":{"line":29,"column":31}}},"fnMap":{"0":{"name":"SearchInput","decl":{"start":{"line":13,"column":9},"end":{"line":13,"column":20}},"loc":{"start":{"line":13,"column":76},"end":{"line":26,"column":1}}},"1":{"name":"(anonymous_4)","decl":{"start":{"line":21,"column":14},"end":{"line":21,"column":15}},"loc":{"start":{"line":21,"column":20},"end":{"line":21,"column":33}}}},"branchMap":{},"s":{"0":1,"1":1,"2":1,"3":1,"4":1,"5":1,"6":1,"7":1,"8":1,"9":1},"f":{"0":1,"1":1},"b":{}}
,"G:\\GitHub\\TT-EtaCarSystems\\react-nodejs-trpc-cryptocurrency-info\\react-nodejs-trpc-cryptocurrency-info\\client\\src\\components\\general\\Select\\Select.tsx": {"path":"G:\\GitHub\\TT-EtaCarSystems\\react-nodejs-trpc-cryptocurrency-info\\react-nodejs-trpc-cryptocurrency-info\\client\\src\\components\\general\\Select\\Select.tsx","statementMap":{"0":{"start":{"line":1,"column":0},"end":{"line":1,"column":66}},"1":{"start":{"line":12,"column":6},"end":{"line":12,"column":null}},"2":{"start":{"line":13,"column":5},"end":{"line":13,"column":null}},"3":{"start":{"line":14,"column":8},"end":{"line":14,"column":null}},"4":{"start":{"line":15,"column":1},"end":{"line":15,"column":15}},"5":{"start":{"line":15,"column":15},"end":{"line":15,"column":null}},"6":{"start":{"line":16,"column":9},"end":{"line":16,"column":null}},"7":{"start":{"line":18,"column":1},"end":{"line":35,"column":3}},"8":{"start":{"line":26,"column":21},"end":{"line":26,"column":null}},"9":{"start":{"line":28,"column":42},"end":{"line":32,"column":6}},"10":{"start":{"line":11,"column":0},"end":{"line":11,"column":24}}},"fnMap":{"0":{"name":"Select","decl":{"start":{"line":11,"column":24},"end":{"line":11,"column":30}},"loc":{"start":{"line":17,"column":14},"end":{"line":36,"column":1}}},"1":{"name":"(anonymous_4)","decl":{"start":{"line":26,"column":14},"end":{"line":26,"column":15}},"loc":{"start":{"line":26,"column":16},"end":{"line":26,"column":29}}},"2":{"name":"(anonymous_5)","decl":{"start":{"line":28,"column":17},"end":{"line":28,"column":18}},"loc":{"start":{"line":28,"column":37},"end":{"line":28,"column":null}}}},"branchMap":{"0":{"loc":{"start":{"line":15,"column":15},"end":{"line":15,"column":null}},"type":"cond-expr","locations":[{"start":{"line":15,"column":18},"end":{"line":15,"column":28}},{"start":{"line":15,"column":28},"end":{"line":15,"column":null}}]},"1":{"loc":{"start":{"line":20,"column":4},"end":{"line":20,"column":35}},"type":"binary-expr","locations":[{"start":{"line":20,"column":4},"end":{"line":20,"column":9}},{"start":{"line":20,"column":13},"end":{"line":20,"column":35}}]}},"s":{"0":1,"1":4,"2":4,"3":4,"4":4,"5":4,"6":4,"7":4,"8":0,"9":12,"10":1},"f":{"0":4,"1":0,"2":12},"b":{"0":[2,2],"1":[4,3]}}
,"G:\\GitHub\\TT-EtaCarSystems\\react-nodejs-trpc-cryptocurrency-info\\react-nodejs-trpc-cryptocurrency-info\\client\\src\\components\\general\\SelectWithSearch\\SelectWithSearch.tsx": {"path":"G:\\GitHub\\TT-EtaCarSystems\\react-nodejs-trpc-cryptocurrency-info\\react-nodejs-trpc-cryptocurrency-info\\client\\src\\components\\general\\SelectWithSearch\\SelectWithSearch.tsx","statementMap":{"0":{"start":{"line":1,"column":0},"end":{"line":1,"column":50}},"1":{"start":{"line":3,"column":0},"end":{"line":3,"column":54}},"2":{"start":{"line":5,"column":0},"end":{"line":5,"column":86}},"3":{"start":{"line":15,"column":6},"end":{"line":15,"column":null}},"4":{"start":{"line":16,"column":17},"end":{"line":16,"column":null}},"5":{"start":{"line":17,"column":5},"end":{"line":17,"column":null}},"6":{"start":{"line":18,"column":15},"end":{"line":18,"column":null}},"7":{"start":{"line":20,"column":39},"end":{"line":20,"column":62}},"8":{"start":{"line":20,"column":19},"end":{"line":20,"column":21}},"9":{"start":{"line":20,"column":35},"end":{"line":20,"column":39}},"10":{"start":{"line":21,"column":41},"end":{"line":21,"column":65}},"11":{"start":{"line":21,"column":20},"end":{"line":21,"column":22}},"12":{"start":{"line":21,"column":37},"end":{"line":21,"column":41}},"13":{"start":{"line":23,"column":20},"end":{"line":23,"column":70}},"14":{"start":{"line":23,"column":43},"end":{"line":23,"column":66}},"15":{"start":{"line":25,"column":19},"end":{"line":25,"column":29}},"16":{"start":{"line":27,"column":25},"end":{"line":29,"column":29}},"17":{"start":{"line":32,"column":2},"end":{"line":32,"column":24}},"18":{"start":{"line":34,"column":2},"end":{"line":34,"column":20}},"19":{"start":{"line":38,"column":2},"end":{"line":38,"column":24}},"20":{"start":{"line":39,"column":2},"end":{"line":39,"column":25}},"21":{"start":{"line":41,"column":2},"end":{"line":41,"column":20}},"22":{"start":{"line":47,"column":2},"end":{"line":49,"column":null}},"23":{"start":{"line":48,"column":3},"end":{"line":48,"column":25}},"24":{"start":{"line":52,"column":1},"end":{"line":54,"column":13}},"25":{"start":{"line":53,"column":2},"end":{"line":53,"column":24}},"26":{"start":{"line":56,"column":1},"end":{"line":79,"column":3}},"27":{"start":{"line":63,"column":25},"end":{"line":63,"column":null}},"28":{"start":{"line":64,"column":24},"end":{"line":64,"column":null}},"29":{"start":{"line":67,"column":26},"end":{"line":76,"column":6}},"30":{"start":{"line":72,"column":21},"end":{"line":72,"column":null}},"31":{"start":{"line":82,"column":29},"end":{"line":82,"column":51}},"32":{"start":{"line":83,"column":0},"end":{"line":83,"column":36}}},"fnMap":{"0":{"name":"SelectWithSearch","decl":{"start":{"line":14,"column":9},"end":{"line":14,"column":25}},"loc":{"start":{"line":19,"column":24},"end":{"line":80,"column":1}}},"1":{"name":"(anonymous_4)","decl":{"start":{"line":23,"column":32},"end":{"line":23,"column":33}},"loc":{"start":{"line":23,"column":38},"end":{"line":23,"column":57}}},"2":{"name":"changeSearchValue","decl":{"start":{"line":31,"column":10},"end":{"line":31,"column":27}},"loc":{"start":{"line":31,"column":41},"end":{"line":35,"column":2}}},"3":{"name":"setOption","decl":{"start":{"line":37,"column":10},"end":{"line":37,"column":19}},"loc":{"start":{"line":37,"column":33},"end":{"line":42,"column":2}}},"4":{"name":"handleInputFocus","decl":{"start":{"line":44,"column":10},"end":{"line":44,"column":26}},"loc":{"start":{"line":45,"column":52},"end":{"line":50,"column":2}}},"5":{"name":"(anonymous_8)","decl":{"start":{"line":52,"column":11},"end":{"line":52,"column":null}},"loc":{"start":{"line":52,"column":11},"end":{"line":54,"column":2}}},"6":{"name":"(anonymous_9)","decl":{"start":{"line":63,"column":14},"end":{"line":63,"column":15}},"loc":{"start":{"line":63,"column":20},"end":{"line":63,"column":42}}},"7":{"name":"(anonymous_10)","decl":{"start":{"line":64,"column":13},"end":{"line":64,"column":14}},"loc":{"start":{"line":64,"column":19},"end":{"line":64,"column":40}}},"8":{"name":"(anonymous_11)","decl":{"start":{"line":67,"column":14},"end":{"line":67,"column":15}},"loc":{"start":{"line":67,"column":21},"end":{"line":67,"column":null}}},"9":{"name":"(anonymous_12)","decl":{"start":{"line":72,"column":15},"end":{"line":72,"column":21}},"loc":{"start":{"line":72,"column":15},"end":{"line":72,"column":30}}}},"branchMap":{"0":{"loc":{"start":{"line":27,"column":25},"end":{"line":29,"column":29}},"type":"cond-expr","locations":[{"start":{"line":28,"column":4},"end":{"line":28,"column":30}},{"start":{"line":29,"column":4},"end":{"line":29,"column":29}}]},"1":{"loc":{"start":{"line":47,"column":2},"end":{"line":49,"column":null}},"type":"if","locations":[{"start":{"line":47,"column":2},"end":{"line":49,"column":null}}]}},"s":{"0":1,"1":1,"2":1,"3":15,"4":15,"5":15,"6":15,"7":15,"8":15,"9":15,"10":15,"11":15,"12":15,"13":15,"14":1,"15":15,"16":15,"17":11,"18":11,"19":0,"20":0,"21":0,"22":1,"23":1,"24":15,"25":2,"26":15,"27":11,"28":1,"29":3,"30":0,"31":1,"32":1},"f":{"0":15,"1":1,"2":11,"3":0,"4":1,"5":2,"6":11,"7":1,"8":3,"9":0},"b":{"0":[13,2],"1":[1]}}
,"G:\\GitHub\\TT-EtaCarSystems\\react-nodejs-trpc-cryptocurrency-info\\react-nodejs-trpc-cryptocurrency-info\\client\\src\\components\\general\\SortIcon\\SortIcon.tsx": {"path":"G:\\GitHub\\TT-EtaCarSystems\\react-nodejs-trpc-cryptocurrency-info\\react-nodejs-trpc-cryptocurrency-info\\client\\src\\components\\general\\SortIcon\\SortIcon.tsx","statementMap":{"0":{"start":{"line":1,"column":0},"end":{"line":1,"column":29}},"1":{"start":{"line":5,"column":0},"end":{"line":5,"column":48}},"2":{"start":{"line":15,"column":9},"end":{"line":15,"column":null}},"3":{"start":{"line":16,"column":10},"end":{"line":16,"column":null}},"4":{"start":{"line":17,"column":10},"end":{"line":17,"column":null}},"5":{"start":{"line":18,"column":11},"end":{"line":18,"column":null}},"6":{"start":{"line":20,"column":13},"end":{"line":24,"column":null}},"7":{"start":{"line":26,"column":13},"end":{"line":26,"column":40}},"8":{"start":{"line":28,"column":1},"end":{"line":28,"column":51}},"9":{"start":{"line":31,"column":21},"end":{"line":31,"column":35}},"10":{"start":{"line":32,"column":0},"end":{"line":32,"column":28}}},"fnMap":{"0":{"name":"SortIcon","decl":{"start":{"line":14,"column":9},"end":{"line":14,"column":17}},"loc":{"start":{"line":19,"column":16},"end":{"line":29,"column":1}}}},"branchMap":{"0":{"loc":{"start":{"line":20,"column":34},"end":{"line":24,"column":16}},"type":"cond-expr","locations":[{"start":{"line":21,"column":5},"end":{"line":21,"column":28}},{"start":{"line":22,"column":5},"end":{"line":24,"column":16}}]},"1":{"loc":{"start":{"line":20,"column":34},"end":{"line":20,"column":57}},"type":"binary-expr","locations":[{"start":{"line":20,"column":34},"end":{"line":20,"column":43}},{"start":{"line":20,"column":47},"end":{"line":20,"column":57}}]},"2":{"loc":{"start":{"line":22,"column":5},"end":{"line":24,"column":16}},"type":"cond-expr","locations":[{"start":{"line":23,"column":6},"end":{"line":23,"column":15}},{"start":{"line":24,"column":6},"end":{"line":24,"column":16}}]}},"s":{"0":1,"1":1,"2":4,"3":4,"4":4,"5":4,"6":4,"7":4,"8":4,"9":1,"10":1},"f":{"0":4},"b":{"0":[2,2],"1":[4,3],"2":[1,1]}}
,"G:\\GitHub\\TT-EtaCarSystems\\react-nodejs-trpc-cryptocurrency-info\\react-nodejs-trpc-cryptocurrency-info\\client\\src\\logic\\loaders\\portfolio.ts": {"path":"G:\\GitHub\\TT-EtaCarSystems\\react-nodejs-trpc-cryptocurrency-info\\react-nodejs-trpc-cryptocurrency-info\\client\\src\\logic\\loaders\\portfolio.ts","statementMap":{"0":{"start":{"line":3,"column":0},"end":{"line":3,"column":76}},"1":{"start":{"line":6,"column":30},"end":{"line":6,"column":null}},"2":{"start":{"line":6,"column":7},"end":{"line":6,"column":null}},"3":{"start":{"line":7,"column":1},"end":{"line":7,"column":18}},"4":{"start":{"line":5,"column":0},"end":{"line":5,"column":22}}},"fnMap":{"0":{"name":"portfolioLoader","decl":{"start":{"line":5,"column":22},"end":{"line":5,"column":37}},"loc":{"start":{"line":5,"column":37},"end":{"line":8,"column":null}}}},"branchMap":{"0":{"loc":{"start":{"line":6,"column":30},"end":{"line":6,"column":null}},"type":"switch","locations":[{"start":{"line":6,"column":30},"end":{"line":6,"column":null}}]}},"s":{"0":1,"1":0,"2":0,"3":0,"4":1},"f":{"0":0},"b":{"0":[0]}}
,"G:\\GitHub\\TT-EtaCarSystems\\react-nodejs-trpc-cryptocurrency-info\\react-nodejs-trpc-cryptocurrency-info\\client\\src\\logic\\storage\\UserPortfolioController.ts": {"path":"G:\\GitHub\\TT-EtaCarSystems\\react-nodejs-trpc-cryptocurrency-info\\react-nodejs-trpc-cryptocurrency-info\\client\\src\\logic\\storage\\UserPortfolioController.ts","statementMap":{"0":{"start":{"line":4,"column":0},"end":{"line":4,"column":null}},"1":{"start":{"line":5,"column":7},"end":{"line":18,"column":null}},"2":{"start":{"line":6,"column":8},"end":{"line":6,"column":55}},"3":{"start":{"line":7,"column":2},"end":{"line":14,"column":null}},"4":{"start":{"line":8,"column":9},"end":{"line":11,"column":5}},"5":{"start":{"line":12,"column":3},"end":{"line":12,"column":36}},"6":{"start":{"line":13,"column":3},"end":{"line":13,"column":24}},"7":{"start":{"line":16,"column":8},"end":{"line":16,"column":60}},"8":{"start":{"line":17,"column":2},"end":{"line":17,"column":14}},"9":{"start":{"line":20,"column":7},"end":{"line":23,"column":null}},"10":{"start":{"line":21,"column":8},"end":{"line":21,"column":62}},"11":{"start":{"line":22,"column":2},"end":{"line":22,"column":60}},"12":{"start":{"line":25,"column":7},"end":{"line":32,"column":null}},"13":{"start":{"line":26,"column":20},"end":{"line":26,"column":null}},"14":{"start":{"line":26,"column":8},"end":{"line":26,"column":null}},"15":{"start":{"line":28,"column":2},"end":{"line":28,"column":31}},"16":{"start":{"line":30,"column":2},"end":{"line":30,"column":37}},"17":{"start":{"line":31,"column":2},"end":{"line":31,"column":19}},"18":{"start":{"line":34,"column":7},"end":{"line":48,"column":null}},"19":{"start":{"line":35,"column":20},"end":{"line":35,"column":null}},"20":{"start":{"line":35,"column":8},"end":{"line":35,"column":null}},"21":{"start":{"line":37,"column":8},"end":{"line":39,"column":4}},"22":{"start":{"line":38,"column":16},"end":{"line":38,"column":null}},"23":{"start":{"line":41,"column":8},"end":{"line":44,"column":4}},"24":{"start":{"line":46,"column":2},"end":{"line":46,"column":40}},"25":{"start":{"line":47,"column":2},"end":{"line":47,"column":22}},"26":{"start":{"line":50,"column":7},"end":{"line":67,"column":null}},"27":{"start":{"line":55,"column":8},"end":{"line":60,"column":4}},"28":{"start":{"line":62,"column":20},"end":{"line":62,"column":null}},"29":{"start":{"line":62,"column":8},"end":{"line":62,"column":null}},"30":{"start":{"line":63,"column":2},"end":{"line":63,"column":46}},"31":{"start":{"line":65,"column":2},"end":{"line":65,"column":50}},"32":{"start":{"line":66,"column":2},"end":{"line":66,"column":19}},"33":{"start":{"line":69,"column":7},"end":{"line":79,"column":null}},"34":{"start":{"line":70,"column":20},"end":{"line":70,"column":null}},"35":{"start":{"line":70,"column":8},"end":{"line":70,"column":null}},"36":{"start":{"line":72,"column":8},"end":{"line":74,"column":4}},"37":{"start":{"line":73,"column":20},"end":{"line":73,"column":null}},"38":{"start":{"line":75,"column":2},"end":{"line":75,"column":50}},"39":{"start":{"line":77,"column":2},"end":{"line":77,"column":50}},"40":{"start":{"line":78,"column":2},"end":{"line":78,"column":19}},"41":{"start":{"line":80,"column":0},"end":{"line":80,"column":null}},"42":{"start":{"line":82,"column":32},"end":{"line":82,"column":61}},"43":{"start":{"line":84,"column":0},"end":{"line":84,"column":39}}},"fnMap":{"0":{"name":"(anonymous_15)","decl":{"start":{"line":4,"column":0},"end":{"line":4,"column":null}},"loc":{"start":{"line":4,"column":0},"end":{"line":80,"column":null}}},"1":{"name":"(anonymous_17)","decl":{"start":{"line":5,"column":1},"end":{"line":5,"column":7}},"loc":{"start":{"line":5,"column":1},"end":{"line":18,"column":null}}},"2":{"name":"(anonymous_20)","decl":{"start":{"line":20,"column":1},"end":{"line":20,"column":7}},"loc":{"start":{"line":20,"column":43},"end":{"line":23,"column":null}}},"3":{"name":"(anonymous_23)","decl":{"start":{"line":25,"column":1},"end":{"line":25,"column":7}},"loc":{"start":{"line":25,"column":33},"end":{"line":32,"column":null}}},"4":{"name":"(anonymous_26)","decl":{"start":{"line":34,"column":1},"end":{"line":34,"column":7}},"loc":{"start":{"line":34,"column":40},"end":{"line":48,"column":null}}},"5":{"name":"(anonymous_29)","decl":{"start":{"line":38,"column":3},"end":{"line":38,"column":4}},"loc":{"start":{"line":38,"column":11},"end":{"line":38,"column":23}}},"6":{"name":"(anonymous_30)","decl":{"start":{"line":50,"column":1},"end":{"line":50,"column":7}},"loc":{"start":{"line":53,"column":19},"end":{"line":67,"column":null}}},"7":{"name":"(anonymous_33)","decl":{"start":{"line":69,"column":1},"end":{"line":69,"column":7}},"loc":{"start":{"line":69,"column":48},"end":{"line":79,"column":null}}},"8":{"name":"(anonymous_36)","decl":{"start":{"line":73,"column":3},"end":{"line":73,"column":4}},"loc":{"start":{"line":73,"column":15},"end":{"line":73,"column":31}}}},"branchMap":{"0":{"loc":{"start":{"line":7,"column":2},"end":{"line":14,"column":null}},"type":"if","locations":[{"start":{"line":7,"column":2},"end":{"line":14,"column":null}}]},"1":{"loc":{"start":{"line":26,"column":20},"end":{"line":26,"column":null}},"type":"switch","locations":[{"start":{"line":26,"column":20},"end":{"line":26,"column":null}}]},"2":{"loc":{"start":{"line":35,"column":20},"end":{"line":35,"column":null}},"type":"switch","locations":[{"start":{"line":35,"column":20},"end":{"line":35,"column":null}}]},"3":{"loc":{"start":{"line":70,"column":20},"end":{"line":70,"column":null}},"type":"switch","locations":[{"start":{"line":70,"column":20},"end":{"line":70,"column":null}}]}},"s":{"0":1,"1":1,"2":0,"3":0,"4":0,"5":0,"6":0,"7":0,"8":0,"9":1,"10":0,"11":0,"12":1,"13":0,"14":0,"15":0,"16":0,"17":0,"18":1,"19":0,"20":0,"21":0,"22":0,"23":0,"24":0,"25":0,"26":1,"27":0,"28":0,"29":0,"30":0,"31":0,"32":0,"33":1,"34":0,"35":0,"36":0,"37":0,"38":0,"39":0,"40":0,"41":1,"42":1,"43":1},"f":{"0":2,"1":0,"2":0,"3":0,"4":0,"5":0,"6":0,"7":0,"8":0},"b":{"0":[0],"1":[0],"2":[0],"3":[0]}}
,"G:\\GitHub\\TT-EtaCarSystems\\react-nodejs-trpc-cryptocurrency-info\\react-nodejs-trpc-cryptocurrency-info\\client\\src\\logic\\utils\\Helper.ts": {"path":"G:\\GitHub\\TT-EtaCarSystems\\react-nodejs-trpc-cryptocurrency-info\\react-nodejs-trpc-cryptocurrency-info\\client\\src\\logic\\utils\\Helper.ts","statementMap":{"0":{"start":{"line":2,"column":0},"end":{"line":2,"column":45}},"1":{"start":{"line":4,"column":0},"end":{"line":4,"column":null}},"2":{"start":{"line":5,"column":1},"end":{"line":5,"column":null}},"3":{"start":{"line":6,"column":1},"end":{"line":6,"column":null}},"4":{"start":{"line":7,"column":1},"end":{"line":7,"column":null}},"5":{"start":{"line":8,"column":1},"end":{"line":8,"column":null}},"6":{"start":{"line":12,"column":1},"end":{"line":12,"column":57}},"7":{"start":{"line":11,"column":0},"end":{"line":11,"column":16}},"8":{"start":{"line":16,"column":1},"end":{"line":16,"column":41}},"9":{"start":{"line":15,"column":0},"end":{"line":15,"column":16}},"10":{"start":{"line":20,"column":15},"end":{"line":20,"column":59}},"11":{"start":{"line":22,"column":1},"end":{"line":22,"column":36}},"12":{"start":{"line":22,"column":20},"end":{"line":22,"column":36}},"13":{"start":{"line":24,"column":1},"end":{"line":24,"column":40}},"14":{"start":{"line":19,"column":0},"end":{"line":19,"column":16}},"15":{"start":{"line":28,"column":25},"end":{"line":30,"column":18}},"16":{"start":{"line":32,"column":1},"end":{"line":34,"column":null}},"17":{"start":{"line":33,"column":2},"end":{"line":33,"column":29}},"18":{"start":{"line":36,"column":20},"end":{"line":36,"column":21}},"19":{"start":{"line":37,"column":18},"end":{"line":37,"column":21}},"20":{"start":{"line":38,"column":1},"end":{"line":43,"column":null}},"21":{"start":{"line":41,"column":2},"end":{"line":41,"column":56}},"22":{"start":{"line":42,"column":2},"end":{"line":42,"column":20}},"23":{"start":{"line":46,"column":2},"end":{"line":56,"column":9}},"24":{"start":{"line":58,"column":1},"end":{"line":71,"column":41}},"25":{"start":{"line":27,"column":0},"end":{"line":27,"column":16}},"26":{"start":{"line":75,"column":15},"end":{"line":75,"column":50}},"27":{"start":{"line":77,"column":1},"end":{"line":84,"column":3}},"28":{"start":{"line":74,"column":0},"end":{"line":74,"column":16}},"29":{"start":{"line":88,"column":1},"end":{"line":93,"column":22}},"30":{"start":{"line":87,"column":0},"end":{"line":87,"column":16}},"31":{"start":{"line":97,"column":1},"end":{"line":102,"column":26}},"32":{"start":{"line":96,"column":0},"end":{"line":96,"column":16}},"33":{"start":{"line":106,"column":27},"end":{"line":108,"column":18}},"34":{"start":{"line":110,"column":1},"end":{"line":112,"column":null}},"35":{"start":{"line":111,"column":2},"end":{"line":111,"column":31}},"36":{"start":{"line":114,"column":20},"end":{"line":114,"column":21}},"37":{"start":{"line":115,"column":18},"end":{"line":115,"column":21}},"38":{"start":{"line":116,"column":1},"end":{"line":121,"column":null}},"39":{"start":{"line":119,"column":2},"end":{"line":119,"column":58}},"40":{"start":{"line":120,"column":2},"end":{"line":120,"column":17}},"41":{"start":{"line":123,"column":1},"end":{"line":133,"column":55}},"42":{"start":{"line":105,"column":0},"end":{"line":105,"column":16}},"43":{"start":{"line":141,"column":23},"end":{"line":141,"column":59}},"44":{"start":{"line":143,"column":1},"end":{"line":171,"column":null}},"45":{"start":{"line":145,"column":3},"end":{"line":149,"column":5}},"46":{"start":{"line":146,"column":4},"end":{"line":148,"column":null}},"47":{"start":{"line":151,"column":3},"end":{"line":155,"column":5}},"48":{"start":{"line":152,"column":4},"end":{"line":154,"column":null}},"49":{"start":{"line":157,"column":3},"end":{"line":162,"column":5}},"50":{"start":{"line":158,"column":4},"end":{"line":161,"column":null}},"51":{"start":{"line":164,"column":3},"end":{"line":168,"column":5}},"52":{"start":{"line":165,"column":4},"end":{"line":167,"column":null}},"53":{"start":{"line":170,"column":3},"end":{"line":170,"column":19}},"54":{"start":{"line":136,"column":0},"end":{"line":136,"column":16}},"55":{"start":{"line":175,"column":20},"end":{"line":175,"column":28}},"56":{"start":{"line":176,"column":17},"end":{"line":176,"column":63}},"57":{"start":{"line":177,"column":1},"end":{"line":177,"column":16}},"58":{"start":{"line":174,"column":0},"end":{"line":174,"column":16}},"59":{"start":{"line":181,"column":20},"end":{"line":181,"column":28}},"60":{"start":{"line":182,"column":17},"end":{"line":182,"column":63}},"61":{"start":{"line":183,"column":1},"end":{"line":183,"column":16}},"62":{"start":{"line":180,"column":0},"end":{"line":180,"column":16}},"63":{"start":{"line":187,"column":17},"end":{"line":187,"column":36}},"64":{"start":{"line":188,"column":1},"end":{"line":188,"column":44}},"65":{"start":{"line":189,"column":1},"end":{"line":189,"column":16}},"66":{"start":{"line":186,"column":0},"end":{"line":186,"column":16}}},"fnMap":{"0":{"name":"(anonymous_0)","decl":{"start":{"line":4,"column":0},"end":{"line":4,"column":12}},"loc":{"start":{"line":4,"column":28},"end":{"line":9,"column":1}}},"1":{"name":"priceToNumber","decl":{"start":{"line":11,"column":16},"end":{"line":11,"column":29}},"loc":{"start":{"line":11,"column":43},"end":{"line":13,"column":1}}},"2":{"name":"percentToNumber","decl":{"start":{"line":15,"column":16},"end":{"line":15,"column":31}},"loc":{"start":{"line":15,"column":47},"end":{"line":17,"column":1}}},"3":{"name":"supplyToNumber","decl":{"start":{"line":19,"column":16},"end":{"line":19,"column":30}},"loc":{"start":{"line":19,"column":69},"end":{"line":25,"column":1}}},"4":{"name":"formatPrice","decl":{"start":{"line":27,"column":16},"end":{"line":27,"column":27}},"loc":{"start":{"line":27,"column":41},"end":{"line":72,"column":1}}},"5":{"name":"formatSupply","decl":{"start":{"line":74,"column":16},"end":{"line":74,"column":28}},"loc":{"start":{"line":74,"column":66},"end":{"line":85,"column":1}}},"6":{"name":"formatMarketCap","decl":{"start":{"line":87,"column":16},"end":{"line":87,"column":31}},"loc":{"start":{"line":87,"column":49},"end":{"line":94,"column":1}}},"7":{"name":"formatVolumeUsd24Hr","decl":{"start":{"line":96,"column":16},"end":{"line":96,"column":35}},"loc":{"start":{"line":96,"column":57},"end":{"line":103,"column":1}}},"8":{"name":"formatPercent","decl":{"start":{"line":105,"column":16},"end":{"line":105,"column":29}},"loc":{"start":{"line":105,"column":45},"end":{"line":134,"column":1}}},"9":{"name":"sortCoinList","decl":{"start":{"line":136,"column":16},"end":{"line":136,"column":28}},"loc":{"start":{"line":139,"column":21},"end":{"line":172,"column":1}}},"10":{"name":"(anonymous_10)","decl":{"start":{"line":145,"column":24},"end":{"line":145,"column":25}},"loc":{"start":{"line":145,"column":29},"end":{"line":146,"column":17}}},"11":{"name":"(anonymous_11)","decl":{"start":{"line":151,"column":24},"end":{"line":151,"column":25}},"loc":{"start":{"line":151,"column":29},"end":{"line":152,"column":17}}},"12":{"name":"(anonymous_12)","decl":{"start":{"line":157,"column":24},"end":{"line":157,"column":25}},"loc":{"start":{"line":157,"column":29},"end":{"line":158,"column":19}}},"13":{"name":"(anonymous_13)","decl":{"start":{"line":164,"column":24},"end":{"line":164,"column":25}},"loc":{"start":{"line":164,"column":29},"end":{"line":165,"column":10}}},"14":{"name":"getDateDayAgo","decl":{"start":{"line":174,"column":16},"end":{"line":174,"column":29}},"loc":{"start":{"line":174,"column":45},"end":{"line":178,"column":1}}},"15":{"name":"getDateWeekAgo","decl":{"start":{"line":180,"column":16},"end":{"line":180,"column":30}},"loc":{"start":{"line":180,"column":46},"end":{"line":184,"column":1}}},"16":{"name":"getDateMonthAgo","decl":{"start":{"line":186,"column":16},"end":{"line":186,"column":31}},"loc":{"start":{"line":186,"column":47},"end":{"line":190,"column":1}}}},"branchMap":{"0":{"loc":{"start":{"line":4,"column":12},"end":{"line":4,"column":null}},"type":"binary-expr","locations":[{"start":{"line":4,"column":12},"end":{"line":4,"column":28}},{"start":{"line":4,"column":12},"end":{"line":4,"column":null}}]},"1":{"loc":{"start":{"line":22,"column":1},"end":{"line":22,"column":36}},"type":"if","locations":[{"start":{"line":22,"column":1},"end":{"line":22,"column":36}}]},"2":{"loc":{"start":{"line":28,"column":25},"end":{"line":30,"column":18}},"type":"cond-expr","locations":[{"start":{"line":29,"column":4},"end":{"line":29,"column":20}},{"start":{"line":30,"column":4},"end":{"line":30,"column":18}}]},"3":{"loc":{"start":{"line":32,"column":1},"end":{"line":34,"column":null}},"type":"if","locations":[{"start":{"line":32,"column":1},"end":{"line":34,"column":null}}]},"4":{"loc":{"start":{"line":38,"column":8},"end":{"line":39,"column":45}},"type":"binary-expr","locations":[{"start":{"line":38,"column":8},"end":{"line":38,"column":26}},{"start":{"line":39,"column":5},"end":{"line":39,"column":45}}]},"5":{"loc":{"start":{"line":48,"column":5},"end":{"line":50,"column":8}},"type":"cond-expr","locations":[{"start":{"line":49,"column":5},"end":{"line":49,"column":37}},{"start":{"line":50,"column":5},"end":{"line":50,"column":8}}]},"6":{"loc":{"start":{"line":51,"column":5},"end":{"line":53,"column":8}},"type":"cond-expr","locations":[{"start":{"line":52,"column":5},"end":{"line":52,"column":41}},{"start":{"line":53,"column":5},"end":{"line":53,"column":8}}]},"7":{"loc":{"start":{"line":54,"column":5},"end":{"line":56,"column":8}},"type":"cond-expr","locations":[{"start":{"line":55,"column":5},"end":{"line":55,"column":41}},{"start":{"line":56,"column":5},"end":{"line":56,"column":8}}]},"8":{"loc":{"start":{"line":58,"column":8},"end":{"line":71,"column":40}},"type":"cond-expr","locations":[{"start":{"line":59,"column":4},"end":{"line":64,"column":26}},{"start":{"line":65,"column":4},"end":{"line":71,"column":40}}]},"9":{"loc":{"start":{"line":75,"column":15},"end":{"line":75,"column":50}},"type":"cond-expr","locations":[{"start":{"line":75,"column":33},"end":{"line":75,"column":41}},{"start":{"line":75,"column":44},"end":{"line":75,"column":50}}]},"10":{"loc":{"start":{"line":106,"column":27},"end":{"line":108,"column":18}},"type":"cond-expr","locations":[{"start":{"line":107,"column":4},"end":{"line":107,"column":22}},{"start":{"line":108,"column":4},"end":{"line":108,"column":18}}]},"11":{"loc":{"start":{"line":110,"column":1},"end":{"line":112,"column":null}},"type":"if","locations":[{"start":{"line":110,"column":1},"end":{"line":112,"column":null}}]},"12":{"loc":{"start":{"line":116,"column":8},"end":{"line":117,"column":47}},"type":"binary-expr","locations":[{"start":{"line":116,"column":8},"end":{"line":116,"column":26}},{"start":{"line":117,"column":5},"end":{"line":117,"column":47}}]},"13":{"loc":{"start":{"line":123,"column":8},"end":{"line":133,"column":54}},"type":"cond-expr","locations":[{"start":{"line":124,"column":4},"end":{"line":128,"column":54}},{"start":{"line":129,"column":4},"end":{"line":133,"column":54}}]},"14":{"loc":{"start":{"line":141,"column":23},"end":{"line":141,"column":59}},"type":"cond-expr","locations":[{"start":{"line":141,"column":53},"end":{"line":141,"column":54}},{"start":{"line":141,"column":57},"end":{"line":141,"column":59}}]},"15":{"loc":{"start":{"line":143,"column":1},"end":{"line":171,"column":null}},"type":"switch","locations":[{"start":{"line":144,"column":2},"end":{"line":149,"column":5}},{"start":{"line":150,"column":2},"end":{"line":155,"column":5}},{"start":{"line":156,"column":2},"end":{"line":162,"column":5}},{"start":{"line":163,"column":2},"end":{"line":168,"column":5}},{"start":{"line":169,"column":2},"end":{"line":170,"column":19}}]},"16":{"loc":{"start":{"line":146,"column":4},"end":{"line":148,"column":21}},"type":"cond-expr","locations":[{"start":{"line":147,"column":7},"end":{"line":147,"column":20}},{"start":{"line":148,"column":7},"end":{"line":148,"column":21}}]},"17":{"loc":{"start":{"line":152,"column":4},"end":{"line":154,"column":21}},"type":"cond-expr","locations":[{"start":{"line":153,"column":7},"end":{"line":153,"column":20}},{"start":{"line":154,"column":7},"end":{"line":154,"column":21}}]},"18":{"loc":{"start":{"line":158,"column":4},"end":{"line":161,"column":21}},"type":"cond-expr","locations":[{"start":{"line":160,"column":7},"end":{"line":160,"column":20}},{"start":{"line":161,"column":7},"end":{"line":161,"column":21}}]},"19":{"loc":{"start":{"line":165,"column":4},"end":{"line":167,"column":21}},"type":"cond-expr","locations":[{"start":{"line":166,"column":7},"end":{"line":166,"column":20}},{"start":{"line":167,"column":7},"end":{"line":167,"column":21}}]}},"s":{"0":2,"1":2,"2":2,"3":2,"4":2,"5":2,"6":140,"7":2,"8":64,"9":2,"10":5,"11":5,"12":1,"13":4,"14":2,"15":8,"16":8,"17":2,"18":8,"19":8,"20":8,"21":54,"22":54,"23":8,"24":8,"25":2,"26":5,"27":5,"28":2,"29":4,"30":2,"31":4,"32":2,"33":8,"34":8,"35":1,"36":8,"37":8,"38":8,"39":33,"40":33,"41":8,"42":2,"43":9,"44":9,"45":2,"46":34,"47":2,"48":32,"49":2,"50":30,"51":2,"52":29,"53":1,"54":2,"55":1,"56":1,"57":1,"58":2,"59":1,"60":1,"61":1,"62":2,"63":1,"64":1,"65":1,"66":2},"f":{"0":2,"1":140,"2":64,"3":5,"4":8,"5":5,"6":4,"7":4,"8":8,"9":9,"10":34,"11":32,"12":30,"13":29,"14":1,"15":1,"16":1},"b":{"0":[2,2],"1":[1],"2":[8,0],"3":[2],"4":[62,56],"5":[5,3],"6":[1,7],"7":[1,7],"8":[4,4],"9":[1,4],"10":[8,0],"11":[1],"12":[41,34],"13":[5,3],"14":[4,5],"15":[2,2,2,2,1],"16":[15,19],"17":[14,18],"18":[18,12],"19":[21,8]}}
,"G:\\GitHub\\TT-EtaCarSystems\\react-nodejs-trpc-cryptocurrency-info\\react-nodejs-trpc-cryptocurrency-info\\client\\src\\logic\\utils\\PortfolioHelper.ts": {"path":"G:\\GitHub\\TT-EtaCarSystems\\react-nodejs-trpc-cryptocurrency-info\\react-nodejs-trpc-cryptocurrency-info\\client\\src\\logic\\utils\\PortfolioHelper.ts","statementMap":{"0":{"start":{"line":5,"column":0},"end":{"line":5,"column":51}},"1":{"start":{"line":8,"column":1},"end":{"line":8,"column":54}},"2":{"start":{"line":7,"column":0},"end":{"line":7,"column":16}},"3":{"start":{"line":12,"column":1},"end":{"line":16,"column":3}},"4":{"start":{"line":14,"column":3},"end":{"line":14,"column":null}},"5":{"start":{"line":20,"column":1},"end":{"line":36,"column":8}},"6":{"start":{"line":21,"column":20},"end":{"line":21,"column":72}},"7":{"start":{"line":21,"column":44},"end":{"line":21,"column":72}},"8":{"start":{"line":23,"column":2},"end":{"line":33,"column":null}},"9":{"start":{"line":24,"column":3},"end":{"line":28,"column":6}},"10":{"start":{"line":30,"column":3},"end":{"line":30,"column":53}},"11":{"start":{"line":31,"column":3},"end":{"line":32,"column":50}},"12":{"start":{"line":35,"column":2},"end":{"line":35,"column":16}},"13":{"start":{"line":19,"column":0},"end":{"line":19,"column":16}},"14":{"start":{"line":43,"column":1},"end":{"line":51,"column":4}},"15":{"start":{"line":44,"column":22},"end":{"line":45,"column":null}},"16":{"start":{"line":45,"column":30},"end":{"line":45,"column":47}},"17":{"start":{"line":47,"column":2},"end":{"line":50,"column":4}},"18":{"start":{"line":39,"column":0},"end":{"line":39,"column":16}}},"fnMap":{"0":{"name":"getSpentAmount","decl":{"start":{"line":7,"column":16},"end":{"line":7,"column":30}},"loc":{"start":{"line":7,"column":51},"end":{"line":9,"column":1}}},"1":{"name":"getTransactionsSum","decl":{"start":{"line":11,"column":9},"end":{"line":11,"column":27}},"loc":{"start":{"line":11,"column":47},"end":{"line":17,"column":1}}},"2":{"name":"(anonymous_2)","decl":{"start":{"line":13,"column":2},"end":{"line":13,"column":3}},"loc":{"start":{"line":13,"column":21},"end":{"line":14,"column":4}}},"3":{"name":"mapTransactionsByCoin","decl":{"start":{"line":19,"column":16},"end":{"line":19,"column":37}},"loc":{"start":{"line":19,"column":57},"end":{"line":37,"column":1}}},"4":{"name":"(anonymous_4)","decl":{"start":{"line":20,"column":35},"end":{"line":20,"column":36}},"loc":{"start":{"line":20,"column":55},"end":{"line":36,"column":2}}},"5":{"name":"(anonymous_5)","decl":{"start":{"line":21,"column":37},"end":{"line":21,"column":38}},"loc":{"start":{"line":21,"column":39},"end":{"line":21,"column":45}}},"6":{"name":"getCoinsActualPrice","decl":{"start":{"line":39,"column":16},"end":{"line":39,"column":35}},"loc":{"start":{"line":41,"column":24},"end":{"line":52,"column":1}}},"7":{"name":"(anonymous_7)","decl":{"start":{"line":43,"column":21},"end":{"line":43,"column":22}},"loc":{"start":{"line":43,"column":26},"end":{"line":51,"column":2}}},"8":{"name":"(anonymous_8)","decl":{"start":{"line":45,"column":23},"end":{"line":45,"column":24}},"loc":{"start":{"line":45,"column":25},"end":{"line":45,"column":31}}}},"branchMap":{"0":{"loc":{"start":{"line":23,"column":2},"end":{"line":33,"column":null}},"type":"if","locations":[{"start":{"line":23,"column":2},"end":{"line":33,"column":null}},{"start":{"line":29,"column":9},"end":{"line":33,"column":null}}]},"1":{"loc":{"start":{"line":45,"column":3},"end":{"line":45,"column":64}},"type":"binary-expr","locations":[{"start":{"line":45,"column":3},"end":{"line":45,"column":57}},{"start":{"line":45,"column":61},"end":{"line":45,"column":64}}]},"2":{"loc":{"start":{"line":45,"column":3},"end":{"line":45,"column":57}},"type":"cond-expr","locations":[{"start":{"line":45,"column":47},"end":{"line":45,"column":49}},{"start":{"line":45,"column":47},"end":{"line":45,"column":57}}]},"3":{"loc":{"start":{"line":45,"column":3},"end":{"line":45,"column":49}},"type":"binary-expr","locations":[{"start":{"line":45,"column":3},"end":{"line":45,"column":49}},{"start":{"line":45,"column":47},"end":{"line":45,"column":49}}]}},"s":{"0":1,"1":1,"2":1,"3":1,"4":11,"5":1,"6":11,"7":14,"8":11,"9":4,"10":7,"11":7,"12":11,"13":1,"14":1,"15":4,"16":10,"17":4,"18":1},"f":{"0":1,"1":1,"2":11,"3":1,"4":11,"5":14,"6":1,"7":4,"8":10},"b":{"0":[4,7],"1":[4,0],"2":[0,4],"3":[4,4]}}
,"G:\\GitHub\\TT-EtaCarSystems\\react-nodejs-trpc-cryptocurrency-info\\react-nodejs-trpc-cryptocurrency-info\\client\\src\\logic\\utils\\UseDebounceTestComponent.tsx": {"path":"G:\\GitHub\\TT-EtaCarSystems\\react-nodejs-trpc-cryptocurrency-info\\react-nodejs-trpc-cryptocurrency-info\\client\\src\\logic\\utils\\UseDebounceTestComponent.tsx","statementMap":{"0":{"start":{"line":1,"column":0},"end":{"line":1,"column":44}},"1":{"start":{"line":3,"column":0},"end":{"line":3,"column":54}},"2":{"start":{"line":6,"column":34},"end":{"line":6,"column":53}},"3":{"start":{"line":6,"column":18},"end":{"line":6,"column":20}},"4":{"start":{"line":6,"column":30},"end":{"line":6,"column":34}},"5":{"start":{"line":9,"column":8},"end":{"line":9,"column":42}},"6":{"start":{"line":11,"column":34},"end":{"line":11,"column":80}},"7":{"start":{"line":11,"column":57},"end":{"line":11,"column":76}},"8":{"start":{"line":12,"column":35},"end":{"line":12,"column":76}},"9":{"start":{"line":12,"column":58},"end":{"line":12,"column":76}},"10":{"start":{"line":14,"column":4},"end":{"line":17,"column":11}},"11":{"start":{"line":15,"column":8},"end":{"line":15,"column":33}},"12":{"start":{"line":19,"column":4},"end":{"line":24,"column":null}},"13":{"start":{"line":5,"column":0},"end":{"line":5,"column":24}}},"fnMap":{"0":{"name":"TestComponent","decl":{"start":{"line":5,"column":24},"end":{"line":5,"column":37}},"loc":{"start":{"line":5,"column":37},"end":{"line":25,"column":1}}},"1":{"name":"onClick","decl":{"start":{"line":8,"column":13},"end":{"line":8,"column":20}},"loc":{"start":{"line":8,"column":20},"end":{"line":10,"column":5}}},"2":{"name":"(anonymous_4)","decl":{"start":{"line":11,"column":46},"end":{"line":11,"column":47}},"loc":{"start":{"line":11,"column":52},"end":{"line":11,"column":67}}},"3":{"name":"(anonymous_5)","decl":{"start":{"line":12,"column":47},"end":{"line":12,"column":48}},"loc":{"start":{"line":12,"column":53},"end":{"line":12,"column":68}}},"4":{"name":"(anonymous_6)","decl":{"start":{"line":14,"column":14},"end":{"line":14,"column":null}},"loc":{"start":{"line":14,"column":14},"end":{"line":17,"column":5}}}},"branchMap":{},"s":{"0":1,"1":1,"2":6,"3":6,"4":6,"5":3,"6":6,"7":2,"8":6,"9":2,"10":6,"11":2,"12":6,"13":1},"f":{"0":6,"1":3,"2":2,"3":2,"4":2},"b":{}}
,"G:\\GitHub\\TT-EtaCarSystems\\react-nodejs-trpc-cryptocurrency-info\\react-nodejs-trpc-cryptocurrency-info\\client\\src\\logic\\utils\\useDebounce.ts": {"path":"G:\\GitHub\\TT-EtaCarSystems\\react-nodejs-trpc-cryptocurrency-info\\react-nodejs-trpc-cryptocurrency-info\\client\\src\\logic\\utils\\useDebounce.ts","statementMap":{"0":{"start":{"line":1,"column":0},"end":{"line":1,"column":42}},"1":{"start":{"line":7,"column":1},"end":{"line":7,"column":null}},"2":{"start":{"line":9,"column":15},"end":{"line":9,"column":30}},"3":{"start":{"line":11,"column":1},"end":{"line":17,"column":8}},"4":{"start":{"line":12,"column":2},"end":{"line":16,"column":4}},"5":{"start":{"line":13,"column":3},"end":{"line":13,"column":30}},"6":{"start":{"line":13,"column":23},"end":{"line":13,"column":30}},"7":{"start":{"line":15,"column":3},"end":{"line":15,"column":31}},"8":{"start":{"line":19,"column":28},"end":{"line":24,"column":2}},"9":{"start":{"line":19,"column":29},"end":{"line":19,"column":36}},"10":{"start":{"line":20,"column":19},"end":{"line":20,"column":57}},"11":{"start":{"line":20,"column":36},"end":{"line":20,"column":49}},"12":{"start":{"line":22,"column":2},"end":{"line":22,"column":30}},"13":{"start":{"line":23,"column":2},"end":{"line":23,"column":27}},"14":{"start":{"line":26,"column":1},"end":{"line":26,"column":26}},"15":{"start":{"line":5,"column":0},"end":{"line":5,"column":16}}},"fnMap":{"0":{"name":"useDebounce","decl":{"start":{"line":5,"column":16},"end":{"line":5,"column":27}},"loc":{"start":{"line":7,"column":13},"end":{"line":27,"column":1}}},"1":{"name":"(anonymous_1)","decl":{"start":{"line":11,"column":11},"end":{"line":11,"column":null}},"loc":{"start":{"line":11,"column":11},"end":{"line":17,"column":2}}},"2":{"name":"(anonymous_2)","decl":{"start":{"line":12,"column":9},"end":{"line":12,"column":null}},"loc":{"start":{"line":12,"column":9},"end":{"line":16,"column":3}}},"3":{"name":"(anonymous_3)","decl":{"start":{"line":19,"column":28},"end":{"line":19,"column":29}},"loc":{"start":{"line":19,"column":28},"end":{"line":24,"column":2}}},"4":{"name":"(anonymous_4)","decl":{"start":{"line":20,"column":30},"end":{"line":20,"column":36}},"loc":{"start":{"line":20,"column":30},"end":{"line":20,"column":40}}}},"branchMap":{"0":{"loc":{"start":{"line":7,"column":1},"end":{"line":7,"column":null}},"type":"if","locations":[{"start":{"line":7,"column":1},"end":{"line":7,"column":null}}]},"1":{"loc":{"start":{"line":13,"column":3},"end":{"line":13,"column":30}},"type":"if","locations":[{"start":{"line":13,"column":3},"end":{"line":13,"column":30}}]}},"s":{"0":2,"1":33,"2":27,"3":27,"4":6,"5":6,"6":1,"7":5,"8":27,"9":48,"10":16,"11":5,"12":16,"13":16,"14":27,"15":2},"f":{"0":27,"1":6,"2":6,"3":16,"4":5},"b":{"0":[6],"1":[1]}}
,"G:\\GitHub\\TT-EtaCarSystems\\react-nodejs-trpc-cryptocurrency-info\\react-nodejs-trpc-cryptocurrency-info\\client\\src\\models\\Interface.ts": {"path":"G:\\GitHub\\TT-EtaCarSystems\\react-nodejs-trpc-cryptocurrency-info\\react-nodejs-trpc-cryptocurrency-info\\client\\src\\models\\Interface.ts","statementMap":{"0":{"start":{"line":1,"column":13},"end":{"line":1,"column":46}},"1":{"start":{"line":3,"column":13},"end":{"line":6,"column":2}},"2":{"start":{"line":9,"column":13},"end":{"line":9,"column":54}},"3":{"start":{"line":11,"column":0},"end":{"line":11,"column":null}},"4":{"start":{"line":12,"column":1},"end":{"line":12,"column":null}},"5":{"start":{"line":13,"column":1},"end":{"line":13,"column":null}},"6":{"start":{"line":14,"column":1},"end":{"line":14,"column":null}}},"fnMap":{"0":{"name":"(anonymous_0)","decl":{"start":{"line":11,"column":0},"end":{"line":11,"column":12}},"loc":{"start":{"line":11,"column":21},"end":{"line":15,"column":1}}}},"branchMap":{"0":{"loc":{"start":{"line":11,"column":12},"end":{"line":11,"column":null}},"type":"binary-expr","locations":[{"start":{"line":11,"column":12},"end":{"line":11,"column":21}},{"start":{"line":11,"column":12},"end":{"line":11,"column":null}}]}},"s":{"0":3,"1":3,"2":3,"3":3,"4":3,"5":3,"6":3},"f":{"0":3},"b":{"0":[3,3]}}
,"G:\\GitHub\\TT-EtaCarSystems\\react-nodejs-trpc-cryptocurrency-info\\react-nodejs-trpc-cryptocurrency-info\\client\\src\\models\\Portfolio.ts": {"path":"G:\\GitHub\\TT-EtaCarSystems\\react-nodejs-trpc-cryptocurrency-info\\react-nodejs-trpc-cryptocurrency-info\\client\\src\\models\\Portfolio.ts","statementMap":{"0":{"start":{"line":16,"column":13},"end":{"line":19,"column":2}}},"fnMap":{},"branchMap":{},"s":{"0":1},"f":{},"b":{}}
,"G:\\GitHub\\TT-EtaCarSystems\\react-nodejs-trpc-cryptocurrency-info\\react-nodejs-trpc-cryptocurrency-info\\client\\src\\providers\\portfolio.tsx": {"path":"G:\\GitHub\\TT-EtaCarSystems\\react-nodejs-trpc-cryptocurrency-info\\react-nodejs-trpc-cryptocurrency-info\\client\\src\\providers\\portfolio.tsx","statementMap":{"0":{"start":{"line":1,"column":0},"end":{"line":1,"column":59}},"1":{"start":{"line":4,"column":0},"end":{"line":4,"column":61}},"2":{"start":{"line":6,"column":0},"end":{"line":6,"column":58}},"3":{"start":{"line":7,"column":0},"end":{"line":7,"column":72}},"4":{"start":{"line":9,"column":13},"end":{"line":16,"column":3}},"5":{"start":{"line":12,"column":14},"end":{"line":12,"column":null}},"6":{"start":{"line":13,"column":17},"end":{"line":13,"column":null}},"7":{"start":{"line":14,"column":17},"end":{"line":14,"column":null}},"8":{"start":{"line":15,"column":25},"end":{"line":15,"column":null}},"9":{"start":{"line":32,"column":9},"end":{"line":32,"column":null}},"10":{"start":{"line":34,"column":25},"end":{"line":34,"column":60}},"11":{"start":{"line":34,"column":12},"end":{"line":34,"column":14}},"12":{"start":{"line":34,"column":21},"end":{"line":34,"column":25}},"13":{"start":{"line":35,"column":31},"end":{"line":35,"column":54}},"14":{"start":{"line":35,"column":15},"end":{"line":35,"column":17}},"15":{"start":{"line":35,"column":27},"end":{"line":35,"column":31}},"16":{"start":{"line":38,"column":2},"end":{"line":38,"column":22}},"17":{"start":{"line":38,"column":15},"end":{"line":38,"column":22}},"18":{"start":{"line":40,"column":2},"end":{"line":40,"column":19}},"19":{"start":{"line":41,"column":2},"end":{"line":46,"column":4}},"20":{"start":{"line":42,"column":3},"end":{"line":45,"column":null}},"21":{"start":{"line":43,"column":25},"end":{"line":43,"column":44}},"22":{"start":{"line":44,"column":20},"end":{"line":44,"column":39}},"23":{"start":{"line":45,"column":19},"end":{"line":45,"column":37}},"24":{"start":{"line":50,"column":2},"end":{"line":50,"column":22}},"25":{"start":{"line":50,"column":15},"end":{"line":50,"column":22}},"26":{"start":{"line":52,"column":2},"end":{"line":52,"column":19}},"27":{"start":{"line":53,"column":2},"end":{"line":58,"column":4}},"28":{"start":{"line":54,"column":3},"end":{"line":57,"column":null}},"29":{"start":{"line":55,"column":25},"end":{"line":55,"column":44}},"30":{"start":{"line":56,"column":20},"end":{"line":56,"column":39}},"31":{"start":{"line":57,"column":19},"end":{"line":57,"column":37}},"32":{"start":{"line":66,"column":2},"end":{"line":66,"column":22}},"33":{"start":{"line":66,"column":15},"end":{"line":66,"column":22}},"34":{"start":{"line":68,"column":2},"end":{"line":80,"column":4}},"35":{"start":{"line":69,"column":3},"end":{"line":79,"column":null}},"36":{"start":{"line":71,"column":5},"end":{"line":71,"column":24}},"37":{"start":{"line":72,"column":5},"end":{"line":76,"column":8}},"38":{"start":{"line":73,"column":6},"end":{"line":75,"column":8}},"39":{"start":{"line":78,"column":20},"end":{"line":78,"column":39}},"40":{"start":{"line":79,"column":19},"end":{"line":79,"column":37}},"41":{"start":{"line":84,"column":2},"end":{"line":84,"column":22}},"42":{"start":{"line":84,"column":15},"end":{"line":84,"column":22}},"43":{"start":{"line":86,"column":2},"end":{"line":98,"column":4}},"44":{"start":{"line":87,"column":3},"end":{"line":97,"column":null}},"45":{"start":{"line":89,"column":5},"end":{"line":89,"column":24}},"46":{"start":{"line":90,"column":5},"end":{"line":94,"column":8}},"47":{"start":{"line":91,"column":6},"end":{"line":93,"column":8}},"48":{"start":{"line":96,"column":20},"end":{"line":96,"column":39}},"49":{"start":{"line":97,"column":19},"end":{"line":97,"column":37}},"50":{"start":{"line":101,"column":1},"end":{"line":109,"column":8}},"51":{"start":{"line":102,"column":2},"end":{"line":108,"column":6}},"52":{"start":{"line":104,"column":4},"end":{"line":104,"column":23}},"53":{"start":{"line":107,"column":4},"end":{"line":107,"column":22}},"54":{"start":{"line":110,"column":1},"end":{"line":123,"column":3}},"55":{"start":{"line":31,"column":0},"end":{"line":31,"column":24}}},"fnMap":{"0":{"name":"(anonymous_16)","decl":{"start":{"line":12,"column":14},"end":{"line":12,"column":28}},"loc":{"start":{"line":12,"column":14},"end":{"line":12,"column":null}}},"1":{"name":"(anonymous_19)","decl":{"start":{"line":13,"column":17},"end":{"line":13,"column":31}},"loc":{"start":{"line":13,"column":17},"end":{"line":13,"column":null}}},"2":{"name":"(anonymous_22)","decl":{"start":{"line":14,"column":17},"end":{"line":14,"column":31}},"loc":{"start":{"line":14,"column":17},"end":{"line":14,"column":null}}},"3":{"name":"(anonymous_25)","decl":{"start":{"line":15,"column":25},"end":{"line":15,"column":39}},"loc":{"start":{"line":15,"column":25},"end":{"line":15,"column":null}}},"4":{"name":"PortfolioProvider","decl":{"start":{"line":31,"column":24},"end":{"line":31,"column":41}},"loc":{"start":{"line":33,"column":26},"end":{"line":124,"column":1}}},"5":{"name":"addFavorite","decl":{"start":{"line":37,"column":16},"end":{"line":37,"column":27}},"loc":{"start":{"line":37,"column":42},"end":{"line":47,"column":null}}},"6":{"name":"(anonymous_32)","decl":{"start":{"line":41,"column":13},"end":{"line":41,"column":null}},"loc":{"start":{"line":41,"column":13},"end":{"line":42,"column":22}}},"7":{"name":"(anonymous_33)","decl":{"start":{"line":43,"column":10},"end":{"line":43,"column":11}},"loc":{"start":{"line":43,"column":20},"end":{"line":43,"column":32}}},"8":{"name":"(anonymous_34)","decl":{"start":{"line":44,"column":11},"end":{"line":44,"column":12}},"loc":{"start":{"line":44,"column":15},"end":{"line":44,"column":27}}},"9":{"name":"(anonymous_35)","decl":{"start":{"line":45,"column":13},"end":{"line":45,"column":19}},"loc":{"start":{"line":45,"column":13},"end":{"line":45,"column":29}}},"10":{"name":"removeFavorite","decl":{"start":{"line":49,"column":16},"end":{"line":49,"column":30}},"loc":{"start":{"line":49,"column":45},"end":{"line":59,"column":null}}},"11":{"name":"(anonymous_39)","decl":{"start":{"line":53,"column":13},"end":{"line":53,"column":null}},"loc":{"start":{"line":53,"column":13},"end":{"line":54,"column":22}}},"12":{"name":"(anonymous_40)","decl":{"start":{"line":55,"column":10},"end":{"line":55,"column":11}},"loc":{"start":{"line":55,"column":20},"end":{"line":55,"column":32}}},"13":{"name":"(anonymous_41)","decl":{"start":{"line":56,"column":11},"end":{"line":56,"column":12}},"loc":{"start":{"line":56,"column":15},"end":{"line":56,"column":27}}},"14":{"name":"(anonymous_42)","decl":{"start":{"line":57,"column":13},"end":{"line":57,"column":19}},"loc":{"start":{"line":57,"column":13},"end":{"line":57,"column":29}}},"15":{"name":"addTransaction","decl":{"start":{"line":61,"column":16},"end":{"line":61,"column":30}},"loc":{"start":{"line":64,"column":19},"end":{"line":81,"column":null}}},"16":{"name":"(anonymous_46)","decl":{"start":{"line":68,"column":13},"end":{"line":68,"column":null}},"loc":{"start":{"line":68,"column":13},"end":{"line":69,"column":22}}},"17":{"name":"(anonymous_47)","decl":{"start":{"line":70,"column":10},"end":{"line":70,"column":11}},"loc":{"start":{"line":70,"column":20},"end":{"line":77,"column":5}}},"18":{"name":"(anonymous_48)","decl":{"start":{"line":72,"column":16},"end":{"line":72,"column":null}},"loc":{"start":{"line":72,"column":16},"end":{"line":76,"column":6}}},"19":{"name":"(anonymous_49)","decl":{"start":{"line":78,"column":11},"end":{"line":78,"column":12}},"loc":{"start":{"line":78,"column":15},"end":{"line":78,"column":27}}},"20":{"name":"(anonymous_50)","decl":{"start":{"line":79,"column":13},"end":{"line":79,"column":19}},"loc":{"start":{"line":79,"column":13},"end":{"line":79,"column":29}}},"21":{"name":"removeCoinTransactions","decl":{"start":{"line":83,"column":16},"end":{"line":83,"column":38}},"loc":{"start":{"line":83,"column":57},"end":{"line":99,"column":null}}},"22":{"name":"(anonymous_54)","decl":{"start":{"line":86,"column":13},"end":{"line":86,"column":null}},"loc":{"start":{"line":86,"column":13},"end":{"line":87,"column":22}}},"23":{"name":"(anonymous_55)","decl":{"start":{"line":88,"column":10},"end":{"line":88,"column":11}},"loc":{"start":{"line":88,"column":20},"end":{"line":95,"column":5}}},"24":{"name":"(anonymous_56)","decl":{"start":{"line":90,"column":16},"end":{"line":90,"column":null}},"loc":{"start":{"line":90,"column":16},"end":{"line":94,"column":6}}},"25":{"name":"(anonymous_57)","decl":{"start":{"line":96,"column":11},"end":{"line":96,"column":12}},"loc":{"start":{"line":96,"column":15},"end":{"line":96,"column":27}}},"26":{"name":"(anonymous_58)","decl":{"start":{"line":97,"column":13},"end":{"line":97,"column":19}},"loc":{"start":{"line":97,"column":13},"end":{"line":97,"column":29}}},"27":{"name":"(anonymous_59)","decl":{"start":{"line":101,"column":11},"end":{"line":101,"column":null}},"loc":{"start":{"line":101,"column":11},"end":{"line":109,"column":2}}},"28":{"name":"(anonymous_60)","decl":{"start":{"line":103,"column":9},"end":{"line":103,"column":10}},"loc":{"start":{"line":103,"column":19},"end":{"line":105,"column":4}}},"29":{"name":"(anonymous_61)","decl":{"start":{"line":106,"column":12},"end":{"line":106,"column":null}},"loc":{"start":{"line":106,"column":12},"end":{"line":108,"column":4}}}},"branchMap":{"0":{"loc":{"start":{"line":38,"column":2},"end":{"line":38,"column":22}},"type":"if","locations":[{"start":{"line":38,"column":2},"end":{"line":38,"column":22}}]},"1":{"loc":{"start":{"line":50,"column":2},"end":{"line":50,"column":22}},"type":"if","locations":[{"start":{"line":50,"column":2},"end":{"line":50,"column":22}}]},"2":{"loc":{"start":{"line":66,"column":2},"end":{"line":66,"column":22}},"type":"if","locations":[{"start":{"line":66,"column":2},"end":{"line":66,"column":22}}]},"3":{"loc":{"start":{"line":84,"column":2},"end":{"line":84,"column":22}},"type":"if","locations":[{"start":{"line":84,"column":2},"end":{"line":84,"column":22}}]}},"s":{"0":1,"1":1,"2":1,"3":1,"4":1,"5":0,"6":0,"7":0,"8":0,"9":0,"10":0,"11":0,"12":0,"13":0,"14":0,"15":0,"16":0,"17":0,"18":0,"19":0,"20":0,"21":0,"22":0,"23":0,"24":0,"25":0,"26":0,"27":0,"28":0,"29":0,"30":0,"31":0,"32":0,"33":0,"34":0,"35":0,"36":0,"37":0,"38":0,"39":0,"40":0,"41":0,"42":0,"43":0,"44":0,"45":0,"46":0,"47":0,"48":0,"49":0,"50":0,"51":0,"52":0,"53":0,"54":0,"55":1},"f":{"0":0,"1":0,"2":0,"3":0,"4":0,"5":0,"6":0,"7":0,"8":0,"9":0,"10":0,"11":0,"12":0,"13":0,"14":0,"15":0,"16":0,"17":0,"18":0,"19":0,"20":0,"21":0,"22":0,"23":0,"24":0,"25":0,"26":0,"27":0,"28":0,"29":0},"b":{"0":[0],"1":[0],"2":[0],"3":[0]}}
}
